Rc files read:
  /etc/LatexMk
Latexmk: This is Latexmk, John Collins, 15 June 2025. Version 4.87.
No existing .aux file, so I'll make a simple one, and require run of *latex.
Latexmk: applying rule 'pdflatex'...
Rule 'pdflatex':  Reasons for rerun
Category 'other':
  Rerun of 'pdflatex' forced or previously required:
    Reason or flag: 'Initial setup'

------------
Run number 1 of rule 'pdflatex'
------------
------------
Running 'pdflatex  -interaction=nonstopmode -recorder  "main.tex"'
------------
This is pdfTeX, Version 3.141592653-2.6-1.40.28 (TeX Live 2025/Debian) (preloaded format=pdflatex)
 restricted \write18 enabled.
entering extended mode
(./main.tex
LaTeX2e <2025-11-01>
L3 programming layer <2026-01-19>
(/usr/share/texlive/texmf-dist/tex/latex/base/article.cls
Document Class: article 2025/01/22 v1.4n Standard LaTeX document class
(/usr/share/texlive/texmf-dist/tex/latex/base/size11.clo))
(/usr/share/texlive/texmf-dist/tex/latex/base/fontenc.sty)
(/usr/share/texlive/texmf-dist/tex/latex/base/inputenc.sty)
(/usr/share/texlive/texmf-dist/tex/latex/roboto/roboto.sty
(/usr/share/texlive/texmf-dist/tex/generic/iftex/ifxetex.sty
(/usr/share/texlive/texmf-dist/tex/generic/iftex/iftex.sty))
(/usr/share/texlive/texmf-dist/tex/generic/iftex/ifluatex.sty)
(/usr/share/texlive/texmf-dist/tex/latex/xkeyval/xkeyval.sty
(/usr/share/texlive/texmf-dist/tex/generic/xkeyval/xkeyval.tex
(/usr/share/texlive/texmf-dist/tex/generic/xkeyval/xkvutils.tex
(/usr/share/texlive/texmf-dist/tex/generic/xkeyval/keyval.tex))))
(/usr/share/texlive/texmf-dist/tex/latex/base/textcomp.sty)
(/usr/share/texlive/texmf-dist/tex/latex/base/fontenc.sty)
(/usr/share/texlive/texmf-dist/tex/latex/fontaxes/fontaxes.sty
(/usr/share/texlive/texmf-dist/tex/latex/figureversions/figureversions.sty)))
(/usr/share/texlive/texmf-dist/tex/latex/geometry/geometry.sty
(/usr/share/texlive/texmf-dist/tex/generic/iftex/ifvtex.sty))
(/usr/share/texlive/texmf-dist/tex/latex/graphics/graphicx.sty
(/usr/share/texlive/texmf-dist/tex/latex/graphics/graphics.sty
(/usr/share/texlive/texmf-dist/tex/latex/graphics/trig.sty)
(/usr/share/texlive/texmf-dist/tex/latex/graphics-cfg/graphics.cfg)
(/usr/share/texlive/texmf-dist/tex/latex/graphics-def/pdftex.def)))
(/usr/share/texlive/texmf-dist/tex/latex/xcolor/xcolor.sty
(/usr/share/texlive/texmf-dist/tex/latex/graphics-cfg/color.cfg)
(/usr/share/texlive/texmf-dist/tex/latex/graphics/mathcolor.ltx))
(/usr/share/texlive/texmf-dist/tex/latex/pgf/frontendlayer/tikz.sty
(/usr/share/texlive/texmf-dist/tex/latex/pgf/basiclayer/pgf.sty
(/usr/share/texlive/texmf-dist/tex/latex/pgf/utilities/pgfrcs.sty
(/usr/share/texlive/texmf-dist/tex/generic/pgf/utilities/pgfutil-common.tex)
(/usr/share/texlive/texmf-dist/tex/generic/pgf/utilities/pgfutil-latex.def)
(/usr/share/texlive/texmf-dist/tex/generic/pgf/utilities/pgfrcs.code.tex
(/usr/share/texlive/texmf-dist/tex/generic/pgf/pgf.revision.tex)))
(/usr/share/texlive/texmf-dist/tex/latex/pgf/basiclayer/pgfcore.sty
(/usr/share/texlive/texmf-dist/tex/latex/pgf/systemlayer/pgfsys.sty
(/usr/share/texlive/texmf-dist/tex/generic/pgf/systemlayer/pgfsys.code.tex
(/usr/share/texlive/texmf-dist/tex/generic/pgf/utilities/pgfkeys.code.tex
(/usr/share/texlive/texmf-dist/tex/generic/pgf/utilities/pgfkeyslibraryfiltered
.code.tex)) (/usr/share/texlive/texmf-dist/tex/generic/pgf/systemlayer/pgf.cfg)
(/usr/share/texlive/texmf-dist/tex/generic/pgf/systemlayer/pgfsys-pdftex.def
(/usr/share/texlive/texmf-dist/tex/generic/pgf/systemlayer/pgfsys-common-pdf.de
f)))
(/usr/share/texlive/texmf-dist/tex/generic/pgf/systemlayer/pgfsyssoftpath.code.
tex)
(/usr/share/texlive/texmf-dist/tex/generic/pgf/systemlayer/pgfsysprotocol.code.
tex))
(/usr/share/texlive/texmf-dist/tex/generic/pgf/basiclayer/pgfcore.code.tex
(/usr/share/texlive/texmf-dist/tex/generic/pgf/math/pgfmath.code.tex
(/usr/share/texlive/texmf-dist/tex/generic/pgf/math/pgfmathutil.code.tex)
(/usr/share/texlive/texmf-dist/tex/generic/pgf/math/pgfmathparser.code.tex)
(/usr/share/texlive/texmf-dist/tex/generic/pgf/math/pgfmathfunctions.code.tex)
(/usr/share/texlive/texmf-dist/tex/generic/pgf/math/pgfmathfunctions.basic.code
.tex)
(/usr/share/texlive/texmf-dist/tex/generic/pgf/math/pgfmathfunctions.trigonomet
ric.code.tex)
(/usr/share/texlive/texmf-dist/tex/generic/pgf/math/pgfmathfunctions.random.cod
e.tex)
(/usr/share/texlive/texmf-dist/tex/generic/pgf/math/pgfmathfunctions.comparison
.code.tex)
(/usr/share/texlive/texmf-dist/tex/generic/pgf/math/pgfmathfunctions.base.code.
tex)
(/usr/share/texlive/texmf-dist/tex/generic/pgf/math/pgfmathfunctions.round.code
.tex)
(/usr/share/texlive/texmf-dist/tex/generic/pgf/math/pgfmathfunctions.misc.code.
tex)
(/usr/share/texlive/texmf-dist/tex/generic/pgf/math/pgfmathfunctions.integerari
thmetics.code.tex)
(/usr/share/texlive/texmf-dist/tex/generic/pgf/math/pgfmathcalc.code.tex)
(/usr/share/texlive/texmf-dist/tex/generic/pgf/math/pgfmathfloat.code.tex))
(/usr/share/texlive/texmf-dist/tex/generic/pgf/math/pgfint.code.tex)
(/usr/share/texlive/texmf-dist/tex/generic/pgf/basiclayer/pgfcorepoints.code.te
x)
(/usr/share/texlive/texmf-dist/tex/generic/pgf/basiclayer/pgfcorepathconstruct.
code.tex)
(/usr/share/texlive/texmf-dist/tex/generic/pgf/basiclayer/pgfcorepathusage.code
.tex)
(/usr/share/texlive/texmf-dist/tex/generic/pgf/basiclayer/pgfcorescopes.code.te
x)
(/usr/share/texlive/texmf-dist/tex/generic/pgf/basiclayer/pgfcoregraphicstate.c
ode.tex)
(/usr/share/texlive/texmf-dist/tex/generic/pgf/basiclayer/pgfcoretransformation
s.code.tex)
(/usr/share/texlive/texmf-dist/tex/generic/pgf/basiclayer/pgfcorequick.code.tex
)
(/usr/share/texlive/texmf-dist/tex/generic/pgf/basiclayer/pgfcoreobjects.code.t
ex)
(/usr/share/texlive/texmf-dist/tex/generic/pgf/basiclayer/pgfcorepathprocessing
.code.tex)
(/usr/share/texlive/texmf-dist/tex/generic/pgf/basiclayer/pgfcorearrows.code.te
x)
(/usr/share/texlive/texmf-dist/tex/generic/pgf/basiclayer/pgfcoreshade.code.tex
)
(/usr/share/texlive/texmf-dist/tex/generic/pgf/basiclayer/pgfcoreimage.code.tex
)
(/usr/share/texlive/texmf-dist/tex/generic/pgf/basiclayer/pgfcoreexternal.code.
tex)
(/usr/share/texlive/texmf-dist/tex/generic/pgf/basiclayer/pgfcorelayers.code.te
x)
(/usr/share/texlive/texmf-dist/tex/generic/pgf/basiclayer/pgfcoretransparency.c
ode.tex)
(/usr/share/texlive/texmf-dist/tex/generic/pgf/basiclayer/pgfcorepatterns.code.
tex)
(/usr/share/texlive/texmf-dist/tex/generic/pgf/basiclayer/pgfcorerdf.code.tex))
)
(/usr/share/texlive/texmf-dist/tex/generic/pgf/modules/pgfmoduleshapes.code.tex
) (/usr/share/texlive/texmf-dist/tex/generic/pgf/modules/pgfmoduleplot.code.tex
)
(/usr/share/texlive/texmf-dist/tex/latex/pgf/compatibility/pgfcomp-version-0-65
.sty)
(/usr/share/texlive/texmf-dist/tex/latex/pgf/compatibility/pgfcomp-version-1-18
.sty)) (/usr/share/texlive/texmf-dist/tex/latex/pgf/utilities/pgffor.sty
(/usr/share/texlive/texmf-dist/tex/latex/pgf/utilities/pgfkeys.sty
(/usr/share/texlive/texmf-dist/tex/generic/pgf/utilities/pgfkeys.code.tex))
(/usr/share/texlive/texmf-dist/tex/latex/pgf/math/pgfmath.sty
(/usr/share/texlive/texmf-dist/tex/generic/pgf/math/pgfmath.code.tex))
(/usr/share/texlive/texmf-dist/tex/generic/pgf/utilities/pgffor.code.tex))
(/usr/share/texlive/texmf-dist/tex/generic/pgf/frontendlayer/tikz/tikz.code.tex

(/usr/share/texlive/texmf-dist/tex/generic/pgf/libraries/pgflibraryplothandlers
.code.tex)
(/usr/share/texlive/texmf-dist/tex/generic/pgf/modules/pgfmodulematrix.code.tex
)
(/usr/share/texlive/texmf-dist/tex/generic/pgf/frontendlayer/tikz/libraries/tik
zlibrarytopaths.code.tex)))
(/usr/share/texlive/texmf-dist/tex/generic/pgf/frontendlayer/tikz/libraries/tik
zlibrarycalc.code.tex)
(/usr/share/texlive/texmf-dist/tex/latex/tcolorbox/tcolorbox.sty
(/usr/share/texlive/texmf-dist/tex/latex/tools/verbatim.sty)
(/usr/share/texlive/texmf-dist/tex/latex/environ/environ.sty
(/usr/share/texlive/texmf-dist/tex/latex/trimspaces/trimspaces.sty))
(/usr/share/texlive/texmf-dist/tex/latex/etoolbox/etoolbox.sty)
(/usr/share/texlive/texmf-dist/tex/latex/tcolorbox/tcbraster.code.tex
Library (tcolorbox): 'tcbraster.code.tex' version '6.9.0'
) (/usr/share/texlive/texmf-dist/tex/latex/tcolorbox/tcbskins.code.tex
Library (tcolorbox): 'tcbskins.code.tex' version '6.9.0'
(/usr/share/texlive/texmf-dist/tex/latex/tikzfill/tikzfill.image.sty
(/usr/share/texlive/texmf-dist/tex/latex/tikzfill/tikzfill-common.sty)
(/usr/share/texlive/texmf-dist/tex/latex/tikzfill/tikzlibraryfill.image.code.te
x)) (/usr/share/texlive/texmf-dist/tex/latex/tcolorbox/tcbskinsjigsaw.code.tex
Library (tcolorbox): 'tcbskinsjigsaw.code.tex' version '6.9.0'
)) (/usr/share/texlive/texmf-dist/tex/latex/tcolorbox/tcbbreakable.code.tex
Library (tcolorbox): 'tcbbreakable.code.tex' version '6.9.0'
(/usr/share/texlive/texmf-dist/tex/latex/pdfcol/pdfcol.sty
(/usr/share/texlive/texmf-dist/tex/generic/ltxcmds/ltxcmds.sty)
(/usr/share/texlive/texmf-dist/tex/generic/infwarerr/infwarerr.sty)))
(/usr/share/texlive/texmf-dist/tex/latex/tcolorbox/tcbhooks.code.tex
Library (tcolorbox): 'tcbhooks.code.tex' version '6.9.0'
) (/usr/share/texlive/texmf-dist/tex/latex/tcolorbox/tcbtheorems.code.tex
Library (tcolorbox): 'tcbtheorems.code.tex' version '6.9.0'
(/usr/share/texlive/texmf-dist/tex/latex/amsmath/amsmath.sty
For additional information on amsmath, use the `?' option.
(/usr/share/texlive/texmf-dist/tex/latex/amsmath/amstext.sty
(/usr/share/texlive/texmf-dist/tex/latex/amsmath/amsgen.sty))
(/usr/share/texlive/texmf-dist/tex/latex/amsmath/amsbsy.sty)
(/usr/share/texlive/texmf-dist/tex/latex/amsmath/amsopn.sty)))
(/usr/share/texlive/texmf-dist/tex/latex/tcolorbox/tcbfitting.code.tex
Library (tcolorbox): 'tcbfitting.code.tex' version '6.9.0'
) (/usr/share/texlive/texmf-dist/tex/latex/tcolorbox/tcblistingsutf8.code.tex
Library (tcolorbox): 'tcblistingsutf8.code.tex' version '6.9.0'
(/usr/share/texlive/texmf-dist/tex/latex/tcolorbox/tcblistings.code.tex
Library (tcolorbox): 'tcblistings.code.tex' version '6.9.0'
(/usr/share/texlive/texmf-dist/tex/latex/listings/listings.sty
(/usr/share/texlive/texmf-dist/tex/latex/listings/lstpatch.sty)
(/usr/share/texlive/texmf-dist/tex/latex/listings/lstmisc.sty)
(/usr/share/texlive/texmf-dist/tex/latex/listings/listings.cfg))
==> First Aid for listings.sty no longer applied!
    Expected:
        2024/09/23 1.10c (Carsten Heinz)
    but found:
        2025/11/14 1.11b (Carsten Heinz)
    so I'm assuming it got fixed.
(/usr/share/texlive/texmf-dist/tex/latex/tcolorbox/tcblistingscore.code.tex
Library (tcolorbox): 'tcblistingscore.code.tex' version '6.9.0'
(/usr/share/texlive/texmf-dist/tex/latex/tcolorbox/tcbprocessing.code.tex
Library (tcolorbox): 'tcbprocessing.code.tex' version '6.9.0'
))) (/usr/share/texlive/texmf-dist/tex/latex/listingsutf8/listingsutf8.sty
(/usr/share/texlive/texmf-dist/tex/generic/pdftexcmds/pdftexcmds.sty)
(/usr/share/texlive/texmf-dist/tex/generic/stringenc/stringenc.sty
(/usr/share/texlive/texmf-dist/tex/generic/pdfescape/pdfescape.sty))))
(/usr/share/texlive/texmf-dist/tex/latex/tcolorbox/tcbexternal.code.tex
Library (tcolorbox): 'tcbexternal.code.tex' version '6.9.0'
) (/usr/share/texlive/texmf-dist/tex/latex/tcolorbox/tcbmagazine.code.tex
Library (tcolorbox): 'tcbmagazine.code.tex' version '6.9.0'
) (/usr/share/texlive/texmf-dist/tex/latex/tcolorbox/tcbvignette.code.tex
Library (tcolorbox): 'tcbvignette.code.tex' version '6.9.0'

(/usr/share/texlive/texmf-dist/tex/generic/pgf/frontendlayer/tikz/libraries/tik
zlibraryfadings.code.tex
(/usr/share/texlive/texmf-dist/tex/generic/pgf/libraries/pgflibraryfadings.code
.tex))) (/usr/share/texlive/texmf-dist/tex/latex/tcolorbox/tcbposter.code.tex
Library (tcolorbox): 'tcbposter.code.tex' version '6.9.0'
)) (/usr/share/texlive/texmf-dist/tex/latex/fancyhdr/fancyhdr.sty)
(/usr/share/texlive/texmf-dist/tex/latex/fontawesome5/fontawesome5.sty
(/usr/share/texlive/texmf-dist/tex/latex/l3kernel/expl3.sty
(/usr/share/texlive/texmf-dist/tex/latex/l3backend/l3backend-pdftex.def))
(/usr/share/texlive/texmf-dist/tex/latex/l3packages/l3keys2e/l3keys2e.sty)
(/usr/share/texlive/texmf-dist/tex/latex/l3packages/xparse/xparse.sty)
(/usr/share/texlive/texmf-dist/tex/latex/fontawesome5/fontawesome5-generic-help
er.sty
(/usr/share/texlive/texmf-dist/tex/latex/fontawesome5/fontawesome5-mapping.def)
)) (/usr/share/texlive/texmf-dist/tex/latex/enumitem/enumitem.sty)
(/usr/share/texlive/texmf-dist/tex/latex/tools/tabularx.sty
(/usr/share/texlive/texmf-dist/tex/latex/tools/array.sty))
(/usr/share/texlive/texmf-dist/tex/latex/colortbl/colortbl.sty)
(/usr/share/texlive/texmf-dist/tex/latex/tools/multicol.sty)
(/usr/share/texlive/texmf-dist/tex/latex/csquotes/csquotes.sty
(/usr/share/texlive/texmf-dist/tex/latex/csquotes/csquotes.def)
(/usr/share/texlive/texmf-dist/tex/latex/csquotes/csquotes.cfg))
(/usr/share/texlive/texmf-dist/tex/latex/truncate/truncate.sty)
(/usr/share/texlive/texmf-dist/tex/latex/hyperref/hyperref.sty
(/usr/share/texlive/texmf-dist/tex/latex/kvsetkeys/kvsetkeys.sty)
(/usr/share/texlive/texmf-dist/tex/generic/kvdefinekeys/kvdefinekeys.sty)
(/usr/share/texlive/texmf-dist/tex/latex/hycolor/hycolor.sty)
(/usr/share/texlive/texmf-dist/tex/latex/hyperref/nameref.sty
(/usr/share/texlive/texmf-dist/tex/latex/refcount/refcount.sty)
(/usr/share/texlive/texmf-dist/tex/generic/gettitlestring/gettitlestring.sty
(/usr/share/texlive/texmf-dist/tex/latex/kvoptions/kvoptions.sty)))
(/usr/share/texlive/texmf-dist/tex/latex/hyperref/pd1enc.def)
(/usr/share/texlive/texmf-dist/tex/generic/intcalc/intcalc.sty)
(/usr/share/texlive/texmf-dist/tex/latex/hyperref/puenc.def)
(/usr/share/texlive/texmf-dist/tex/latex/url/url.sty)
(/usr/share/texlive/texmf-dist/tex/generic/bitset/bitset.sty
(/usr/share/texlive/texmf-dist/tex/generic/bigintcalc/bigintcalc.sty)))
(/usr/share/texlive/texmf-dist/tex/latex/hyperref/hpdftex.def
(/usr/share/texlive/texmf-dist/tex/latex/rerunfilecheck/rerunfilecheck.sty
(/usr/share/texlive/texmf-dist/tex/generic/uniquecounter/uniquecounter.sty)))
(/usr/share/texlive/texmf-dist/tex/latex/bookmark/bookmark.sty
(/usr/share/texlive/texmf-dist/tex/latex/bookmark/bkm-pdftex.def))
(/usr/share/texlive/texmf-dist/tex/latex/roboto/T1Roboto-LF.fd) (./main.aux)
*geometry* driver: auto-detecting
*geometry* detected driver: pdftex
(/usr/share/texlive/texmf-dist/tex/context/base/mkii/supp-pdf.mkii
[Loading MPS to PDF converter (version 2006.09.02).]
) (/usr/share/texlive/texmf-dist/tex/latex/epstopdf-pkg/epstopdf-base.sty
(/usr/share/texlive/texmf-dist/tex/latex/latexconfig/epstopdf-sys.cfg))
(/usr/share/texlive/texmf-dist/tex/latex/roboto/TS1Roboto-LF.fd)
Underfull \hbox (badness 1789) in paragraph at lines 102--110
[]\T1/Roboto-LF/regular/n/10 Organiser, GDG on Cam-pus JIS Uni-ver-sity (2025^^
U26) \TS1/Roboto-LF/regular/n/10 · \T1/Roboto-LF/regular/n/10 Roll No.
[1{/var/lib/texmf/fonts/map/pdftex/updmap/pdftex.map}{/usr/share/texlive/texmf-
dist/fonts/enc/dvips/roboto/rbto_b5rac7.enc}{/usr/share/texlive/texmf-dist/font
s/enc/dvips/roboto/rbto_ocbbsb.enc}{/usr/share/texlive/texmf-dist/fonts/enc/dvi
ps/roboto/rbto_shbyjm.enc} <./assets/brand/banner_cover.png> <./assets/brand/pr
ofile_dscjisu_native.png>]
Underfull \hbox (badness 10000) in paragraph at lines 118--119


Overfull \hbox (10.21043pt too wide) in paragraph at lines 127--132
\T1/Roboto-LF/regular/n/10.95 ses-sions and study jams. Be-yond the tech-ni-cal
, we in-vest in peer men-tor-ship, team-work and community-
(/usr/share/texlive/texmf-dist/tex/latex/fontawesome5/ufontawesomefree0.fd)
[2{/usr/share/texlive/texmf-dist/fonts/enc/dvips/fontawesome5/fa5free0.enc}]
(/usr/share/texlive/texmf-dist/tex/latex/fontawesome5/ufontawesomefree2.fd)
(/usr/share/texlive/texmf-dist/tex/latex/fontawesome5/ufontawesomefree3.fd)
[3{/usr/share/texlive/texmf-dist/fonts/enc/dvips/fontawesome5/fa5free2.enc}{/us
r/share/texlive/texmf-dist/fonts/enc/dvips/fontawesome5/fa5free3.enc}]
Overfull \hbox (2.94241pt too wide) in paragraph at lines 191--192
[]\T1/Roboto-LF/regular/n/10 The largest sea-son on record ^^V na-tional hackat
hons, Hack-to-ber-fest, GSoC prepa-ra-tion, live CTF and system-
[4]
No file main.toc.
[5] (/usr/share/texlive/texmf-dist/tex/latex/fontawesome5/ufontawesomefree1.fd)

Underfull \hbox (badness 10000) in paragraph at lines 241--245


Overfull \hbox (1.20438pt too wide) in paragraph at lines 245--245
[][][][] 
[6{/usr/share/texlive/texmf-dist/fonts/enc/dvips/fontawesome5/fa5free1.enc} <./
assets/gallery/01/img-01.jpg> <./assets/gallery/01/img-02.jpg>]
Overfull \hbox (1.1945pt too wide) in paragraph at lines 259--259
 [][][][] 

Overfull \hbox (1.20041pt too wide) in paragraph at lines 259--259
 [][][][] 
[7 <./assets/gallery/02/img-01.jpg>] [8 <./assets/gallery/03/img-01.jpg> <./ass
ets/gallery/03/img-02.jpg>]
Overfull \hbox (1.19797pt too wide) in paragraph at lines 288--288
 [][][][] 

Overfull \hbox (1.20375pt too wide) in paragraph at lines 288--288
 [][][][] 

Underfull \hbox (badness 10000) in paragraph at lines 298--302

[9 <./assets/gallery/04/img-01.jpg> <./assets/gallery/04/img-02.jpg>]
Overfull \hbox (1.109pt too wide) in paragraph at lines 316--316
 [][][][] 
[10 <./assets/gallery/05/img-01.jpg>] [11 <./assets/gallery/06/img-01.jpg> <./a
ssets/gallery/06/img-02.jpg>] [12 <./assets/gallery/07/img-01.jpg> <./assets/ga
llery/07/img-02.jpg>] [13 <./assets/gallery/08/img-01.jpg> <./assets/gallery/08
/img-02.jpg>]
Underfull \hbox (badness 10000) in paragraph at lines 383--387

[14 <./assets/gallery/09/img-01.jpg> <./assets/gallery/09/img-02.jpg>]
Underfull \hbox (badness 10000) in paragraph at lines 397--401

[15 <./assets/gallery/10/img-01.jpg>]
Underfull \hbox (badness 10000) in paragraph at lines 411--415

[16 <./assets/gallery/11/img-01.jpg>]
Underfull \hbox (badness 10000) in paragraph at lines 439--443

[17{/usr/share/texmf/fonts/enc/dvips/cm-super/cm-super-t1.enc} <./assets/galler
y/12/img-01.jpg>]
Underfull \hbox (badness 10000) in paragraph at lines 453--457

[18 <./assets/gallery/14/img-01.jpg>] [19 <./assets/gallery/15/img-01.jpg>]
Underfull \hbox (badness 1048) in paragraph at lines 482--486
[]\T1/Roboto-LF/regular/n/10 A two-day, on-site hackathon that served as the in
-ter-nal nom-i-na-tion round for the Smart In-dia

Underfull \hbox (badness 10000) in paragraph at lines 482--486


Overfull \hbox (1.18939pt too wide) in paragraph at lines 486--486
[][][][] 

Underfull \hbox (badness 10000) in paragraph at lines 489--494

[20{/usr/share/texlive/texmf-dist/fonts/enc/dvips/roboto/rbto_hlrajr.enc} <./as
sets/gallery/16/img-01.jpg>]
Underfull \hbox (badness 10000) in paragraph at lines 649--653


Overfull \hbox (1.18939pt too wide) in paragraph at lines 653--653
[][][][] 
[21]
Underfull \hbox (badness 10000) in paragraph at lines 656--661


Underfull \hbox (badness 10000) in paragraph at lines 713--717


Overfull \hbox (1.18939pt too wide) in paragraph at lines 717--717
[][][][] 
[22 <./assets/gallery/17/img-01.jpg>]
Underfull \hbox (badness 10000) in paragraph at lines 720--725

[23 <./assets/gallery/18/img-01.jpg>]
Underfull \hbox (badness 10000) in paragraph at lines 795--799


Underfull \hbox (badness 10000) in paragraph at lines 802--807


Overfull \vbox (8.00061pt too high) has occurred while \output is active
Overfull \vbox (8.00061pt too high) has occurred while \output is active
Overfull \vbox (8.00061pt too high) has occurred while \output is active
[24 <./assets/gallery/19/img-01.jpg>]
Underfull \hbox (badness 10000) in paragraph at lines 847--851


Overfull \hbox (1.18939pt too wide) in paragraph at lines 851--851
[][][][] 

Underfull \hbox (badness 10000) in paragraph at lines 854--859


Underfull \hbox (badness 10000) in paragraph at lines 899--903

[25 <./assets/gallery/20/img-01.jpg>]
Underfull \hbox (badness 10000) in paragraph at lines 906--911


Underfull \hbox (badness 10000) in paragraph at lines 951--955

[26 <./assets/gallery/21/img-01.jpg>]
Underfull \hbox (badness 10000) in paragraph at lines 958--963

[27 <./assets/gallery/22/img-01.jpg>]
Underfull \hbox (badness 10000) in paragraph at lines 1002--1007

[28 <./assets/gallery/23/img-01.jpg> <./assets/gallery/23/img-03.jpg> <./assets
/gallery/23/img-02.jpg> <./assets/gallery/23/img-04.jpg>]
Underfull \hbox (badness 10000) in paragraph at lines 1105--1109


Overfull \hbox (1.20016pt too wide) in paragraph at lines 1109--1109
[][][][] 
[29]
Underfull \hbox (badness 10000) in paragraph at lines 1112--1117


Underfull \hbox (badness 10000) in paragraph at lines 1155--1159


Overfull \hbox (1.18939pt too wide) in paragraph at lines 1159--1159
[][][][] 
[30 <./assets/gallery/24/img-01.jpg>]
Underfull \hbox (badness 10000) in paragraph at lines 1162--1167


Underfull \hbox (badness 10000) in paragraph at lines 1192--1196

[31 <./assets/gallery/25/img-01.jpg>]
Underfull \hbox (badness 10000) in paragraph at lines 1199--1204


Overfull \hbox (1.18355pt too wide) in paragraph at lines 1246--1246
 [][][][] 

Overfull \hbox (1.18355pt too wide) in paragraph at lines 1246--1246
 [][][][] 
[32 <./assets/gallery/26/img-01.jpg>]
Underfull \hbox (badness 10000) in paragraph at lines 1249--1254


Underfull \hbox (badness 10000) in paragraph at lines 1322--1326


Overfull \hbox (1.18939pt too wide) in paragraph at lines 1326--1326
[][][][] 
[33 <./assets/gallery/27/img-01.jpg> <./assets/gallery/27/img-02.jpg>]
Underfull \hbox (badness 10000) in paragraph at lines 1329--1334


Underfull \hbox (badness 10000) in paragraph at lines 1382--1386

[34 <./assets/gallery/28/img-01.jpg>]
Underfull \hbox (badness 10000) in paragraph at lines 1389--1394


Underfull \hbox (badness 10000) in paragraph at lines 1426--1430


Overfull \hbox (1.18939pt too wide) in paragraph at lines 1430--1430
[][][][] 
[35 <./assets/gallery/29/img-01.jpg>]
Underfull \hbox (badness 10000) in paragraph at lines 1433--1438


Overfull \hbox (1.19008pt too wide) in paragraph at lines 1500--1500
 [][][][] 

Overfull \hbox (1.19313pt too wide) in paragraph at lines 1500--1500
 [][][][] 
[36 <./assets/gallery/30/img-01.jpg>]
Underfull \hbox (badness 10000) in paragraph at lines 1503--1508


Overfull \vbox (3.90651pt too high) has occurred while \output is active
Overfull \vbox (12.99852pt too high) has occurred while \output is active
Overfull \vbox (12.99852pt too high) has occurred while \output is active
[37 <./assets/gallery/31/img-01.jpg> <./assets/gallery/31/img-03.jpg> <./assets
/gallery/31/img-02.jpg>]
Overfull \hbox (1.19313pt too wide) in paragraph at lines 1542--1542
 [][][][] 

Overfull \hbox (1.19313pt too wide) in paragraph at lines 1542--1542
 [][][][] 

Underfull \hbox (badness 10000) in paragraph at lines 1545--1550

[38 <./assets/gallery/32/img-01.jpg> <./assets/gallery/32/img-02.jpg>]
Underfull \hbox (badness 10000) in paragraph at lines 1597--1602


Overfull \hbox (1.19313pt too wide) in paragraph at lines 1647--1647
 [][][][] 

Overfull \hbox (1.19379pt too wide) in paragraph at lines 1647--1647
 [][][][] 
[39 <./assets/gallery/33/img-01.jpg> <./assets/gallery/33/img-02.jpg>]
Underfull \hbox (badness 10000) in paragraph at lines 1650--1655

[40 <./assets/gallery/34/img-01.jpg> <./assets/gallery/34/img-02.jpg>] [41]
Overfull \hbox (1.19437pt too wide) in paragraph at lines 2094--2094
 [][][][] 

Overfull \hbox (1.19313pt too wide) in paragraph at lines 2094--2094
 [][][][] 
[42]
Underfull \hbox (badness 10000) in paragraph at lines 2097--2102

[43 <./assets/gallery/35/img-01.jpg> <./assets/gallery/35/img-02.jpg>] [44]
Underfull \hbox (badness 10000) in paragraph at lines 2224--2225

[45] (./main.aux) )
(see the transcript file for additional information)</usr/share/texlive/texmf-d
ist/fonts/type1/public/fontawesome5/FontAwesome5Free-Solid.pfb></usr/share/texl
ive/texmf-dist/fonts/type1/google/roboto/Roboto-Bold.pfb></usr/share/texlive/te
xmf-dist/fonts/type1/google/roboto/Roboto-Italic.pfb></usr/share/texlive/texmf-
dist/fonts/type1/google/roboto/Roboto-Regular.pfb></usr/share/texlive/texmf-dis
t/fonts/type1/public/amsfonts/cm/cmsy8.pfb></usr/share/texmf/fonts/type1/public
/cm-super/sftt0900.pfb>
Output written on main.pdf (45 pages, 6209961 bytes).
Transcript written on main.log.
Latexmk: Getting log file 'main.log'
Latexmk: Examining 'main.fls'
Latexmk: Examining 'main.log'
Latexmk: Missing input file 'main.toc' message in .log file:
  No file main.toc.
Latexmk: Log file says output to 'main.pdf'
Latexmk: Using bibtex to make bibliography file(s).
Latexmk: applying rule 'pdflatex'...
Rule 'pdflatex':  Reasons for rerun
Changed files or newly in use/created:
  main.aux
  main.toc

------------
Run number 2 of rule 'pdflatex'
------------
------------
Running 'pdflatex  -interaction=nonstopmode -recorder  "main.tex"'
------------
This is pdfTeX, Version 3.141592653-2.6-1.40.28 (TeX Live 2025/Debian) (preloaded format=pdflatex)
 restricted \write18 enabled.
entering extended mode
(./main.tex
LaTeX2e <2025-11-01>
L3 programming layer <2026-01-19>
(/usr/share/texlive/texmf-dist/tex/latex/base/article.cls
Document Class: article 2025/01/22 v1.4n Standard LaTeX document class
(/usr/share/texlive/texmf-dist/tex/latex/base/size11.clo))
(/usr/share/texlive/texmf-dist/tex/latex/base/fontenc.sty)
(/usr/share/texlive/texmf-dist/tex/latex/base/inputenc.sty)
(/usr/share/texlive/texmf-dist/tex/latex/roboto/roboto.sty
(/usr/share/texlive/texmf-dist/tex/generic/iftex/ifxetex.sty
(/usr/share/texlive/texmf-dist/tex/generic/iftex/iftex.sty))
(/usr/share/texlive/texmf-dist/tex/generic/iftex/ifluatex.sty)
(/usr/share/texlive/texmf-dist/tex/latex/xkeyval/xkeyval.sty
(/usr/share/texlive/texmf-dist/tex/generic/xkeyval/xkeyval.tex
(/usr/share/texlive/texmf-dist/tex/generic/xkeyval/xkvutils.tex
(/usr/share/texlive/texmf-dist/tex/generic/xkeyval/keyval.tex))))
(/usr/share/texlive/texmf-dist/tex/latex/base/textcomp.sty)
(/usr/share/texlive/texmf-dist/tex/latex/base/fontenc.sty)
(/usr/share/texlive/texmf-dist/tex/latex/fontaxes/fontaxes.sty
(/usr/share/texlive/texmf-dist/tex/latex/figureversions/figureversions.sty)))
(/usr/share/texlive/texmf-dist/tex/latex/geometry/geometry.sty
(/usr/share/texlive/texmf-dist/tex/generic/iftex/ifvtex.sty))
(/usr/share/texlive/texmf-dist/tex/latex/graphics/graphicx.sty
(/usr/share/texlive/texmf-dist/tex/latex/graphics/graphics.sty
(/usr/share/texlive/texmf-dist/tex/latex/graphics/trig.sty)
(/usr/share/texlive/texmf-dist/tex/latex/graphics-cfg/graphics.cfg)
(/usr/share/texlive/texmf-dist/tex/latex/graphics-def/pdftex.def)))
(/usr/share/texlive/texmf-dist/tex/latex/xcolor/xcolor.sty
(/usr/share/texlive/texmf-dist/tex/latex/graphics-cfg/color.cfg)
(/usr/share/texlive/texmf-dist/tex/latex/graphics/mathcolor.ltx))
(/usr/share/texlive/texmf-dist/tex/latex/pgf/frontendlayer/tikz.sty
(/usr/share/texlive/texmf-dist/tex/latex/pgf/basiclayer/pgf.sty
(/usr/share/texlive/texmf-dist/tex/latex/pgf/utilities/pgfrcs.sty
(/usr/share/texlive/texmf-dist/tex/generic/pgf/utilities/pgfutil-common.tex)
(/usr/share/texlive/texmf-dist/tex/generic/pgf/utilities/pgfutil-latex.def)
(/usr/share/texlive/texmf-dist/tex/generic/pgf/utilities/pgfrcs.code.tex
(/usr/share/texlive/texmf-dist/tex/generic/pgf/pgf.revision.tex)))
(/usr/share/texlive/texmf-dist/tex/latex/pgf/basiclayer/pgfcore.sty
(/usr/share/texlive/texmf-dist/tex/latex/pgf/systemlayer/pgfsys.sty
(/usr/share/texlive/texmf-dist/tex/generic/pgf/systemlayer/pgfsys.code.tex
(/usr/share/texlive/texmf-dist/tex/generic/pgf/utilities/pgfkeys.code.tex
(/usr/share/texlive/texmf-dist/tex/generic/pgf/utilities/pgfkeyslibraryfiltered
.code.tex)) (/usr/share/texlive/texmf-dist/tex/generic/pgf/systemlayer/pgf.cfg)
(/usr/share/texlive/texmf-dist/tex/generic/pgf/systemlayer/pgfsys-pdftex.def
(/usr/share/texlive/texmf-dist/tex/generic/pgf/systemlayer/pgfsys-common-pdf.de
f)))
(/usr/share/texlive/texmf-dist/tex/generic/pgf/systemlayer/pgfsyssoftpath.code.
tex)
(/usr/share/texlive/texmf-dist/tex/generic/pgf/systemlayer/pgfsysprotocol.code.
tex))
(/usr/share/texlive/texmf-dist/tex/generic/pgf/basiclayer/pgfcore.code.tex
(/usr/share/texlive/texmf-dist/tex/generic/pgf/math/pgfmath.code.tex
(/usr/share/texlive/texmf-dist/tex/generic/pgf/math/pgfmathutil.code.tex)
(/usr/share/texlive/texmf-dist/tex/generic/pgf/math/pgfmathparser.code.tex)
(/usr/share/texlive/texmf-dist/tex/generic/pgf/math/pgfmathfunctions.code.tex)
(/usr/share/texlive/texmf-dist/tex/generic/pgf/math/pgfmathfunctions.basic.code
.tex)
(/usr/share/texlive/texmf-dist/tex/generic/pgf/math/pgfmathfunctions.trigonomet
ric.code.tex)
(/usr/share/texlive/texmf-dist/tex/generic/pgf/math/pgfmathfunctions.random.cod
e.tex)
(/usr/share/texlive/texmf-dist/tex/generic/pgf/math/pgfmathfunctions.comparison
.code.tex)
(/usr/share/texlive/texmf-dist/tex/generic/pgf/math/pgfmathfunctions.base.code.
tex)
(/usr/share/texlive/texmf-dist/tex/generic/pgf/math/pgfmathfunctions.round.code
.tex)
(/usr/share/texlive/texmf-dist/tex/generic/pgf/math/pgfmathfunctions.misc.code.
tex)
(/usr/share/texlive/texmf-dist/tex/generic/pgf/math/pgfmathfunctions.integerari
thmetics.code.tex)
(/usr/share/texlive/texmf-dist/tex/generic/pgf/math/pgfmathcalc.code.tex)
(/usr/share/texlive/texmf-dist/tex/generic/pgf/math/pgfmathfloat.code.tex))
(/usr/share/texlive/texmf-dist/tex/generic/pgf/math/pgfint.code.tex)
(/usr/share/texlive/texmf-dist/tex/generic/pgf/basiclayer/pgfcorepoints.code.te
x)
(/usr/share/texlive/texmf-dist/tex/generic/pgf/basiclayer/pgfcorepathconstruct.
code.tex)
(/usr/share/texlive/texmf-dist/tex/generic/pgf/basiclayer/pgfcorepathusage.code
.tex)
(/usr/share/texlive/texmf-dist/tex/generic/pgf/basiclayer/pgfcorescopes.code.te
x)
(/usr/share/texlive/texmf-dist/tex/generic/pgf/basiclayer/pgfcoregraphicstate.c
ode.tex)
(/usr/share/texlive/texmf-dist/tex/generic/pgf/basiclayer/pgfcoretransformation
s.code.tex)
(/usr/share/texlive/texmf-dist/tex/generic/pgf/basiclayer/pgfcorequick.code.tex
)
(/usr/share/texlive/texmf-dist/tex/generic/pgf/basiclayer/pgfcoreobjects.code.t
ex)
(/usr/share/texlive/texmf-dist/tex/generic/pgf/basiclayer/pgfcorepathprocessing
.code.tex)
(/usr/share/texlive/texmf-dist/tex/generic/pgf/basiclayer/pgfcorearrows.code.te
x)
(/usr/share/texlive/texmf-dist/tex/generic/pgf/basiclayer/pgfcoreshade.code.tex
)
(/usr/share/texlive/texmf-dist/tex/generic/pgf/basiclayer/pgfcoreimage.code.tex
)
(/usr/share/texlive/texmf-dist/tex/generic/pgf/basiclayer/pgfcoreexternal.code.
tex)
(/usr/share/texlive/texmf-dist/tex/generic/pgf/basiclayer/pgfcorelayers.code.te
x)
(/usr/share/texlive/texmf-dist/tex/generic/pgf/basiclayer/pgfcoretransparency.c
ode.tex)
(/usr/share/texlive/texmf-dist/tex/generic/pgf/basiclayer/pgfcorepatterns.code.
tex)
(/usr/share/texlive/texmf-dist/tex/generic/pgf/basiclayer/pgfcorerdf.code.tex))
)
(/usr/share/texlive/texmf-dist/tex/generic/pgf/modules/pgfmoduleshapes.code.tex
) (/usr/share/texlive/texmf-dist/tex/generic/pgf/modules/pgfmoduleplot.code.tex
)
(/usr/share/texlive/texmf-dist/tex/latex/pgf/compatibility/pgfcomp-version-0-65
.sty)
(/usr/share/texlive/texmf-dist/tex/latex/pgf/compatibility/pgfcomp-version-1-18
.sty)) (/usr/share/texlive/texmf-dist/tex/latex/pgf/utilities/pgffor.sty
(/usr/share/texlive/texmf-dist/tex/latex/pgf/utilities/pgfkeys.sty
(/usr/share/texlive/texmf-dist/tex/generic/pgf/utilities/pgfkeys.code.tex))
(/usr/share/texlive/texmf-dist/tex/latex/pgf/math/pgfmath.sty
(/usr/share/texlive/texmf-dist/tex/generic/pgf/math/pgfmath.code.tex))
(/usr/share/texlive/texmf-dist/tex/generic/pgf/utilities/pgffor.code.tex))
(/usr/share/texlive/texmf-dist/tex/generic/pgf/frontendlayer/tikz/tikz.code.tex

(/usr/share/texlive/texmf-dist/tex/generic/pgf/libraries/pgflibraryplothandlers
.code.tex)
(/usr/share/texlive/texmf-dist/tex/generic/pgf/modules/pgfmodulematrix.code.tex
)
(/usr/share/texlive/texmf-dist/tex/generic/pgf/frontendlayer/tikz/libraries/tik
zlibrarytopaths.code.tex)))
(/usr/share/texlive/texmf-dist/tex/generic/pgf/frontendlayer/tikz/libraries/tik
zlibrarycalc.code.tex)
(/usr/share/texlive/texmf-dist/tex/latex/tcolorbox/tcolorbox.sty
(/usr/share/texlive/texmf-dist/tex/latex/tools/verbatim.sty)
(/usr/share/texlive/texmf-dist/tex/latex/environ/environ.sty
(/usr/share/texlive/texmf-dist/tex/latex/trimspaces/trimspaces.sty))
(/usr/share/texlive/texmf-dist/tex/latex/etoolbox/etoolbox.sty)
(/usr/share/texlive/texmf-dist/tex/latex/tcolorbox/tcbraster.code.tex
Library (tcolorbox): 'tcbraster.code.tex' version '6.9.0'
) (/usr/share/texlive/texmf-dist/tex/latex/tcolorbox/tcbskins.code.tex
Library (tcolorbox): 'tcbskins.code.tex' version '6.9.0'
(/usr/share/texlive/texmf-dist/tex/latex/tikzfill/tikzfill.image.sty
(/usr/share/texlive/texmf-dist/tex/latex/tikzfill/tikzfill-common.sty)
(/usr/share/texlive/texmf-dist/tex/latex/tikzfill/tikzlibraryfill.image.code.te
x)) (/usr/share/texlive/texmf-dist/tex/latex/tcolorbox/tcbskinsjigsaw.code.tex
Library (tcolorbox): 'tcbskinsjigsaw.code.tex' version '6.9.0'
)) (/usr/share/texlive/texmf-dist/tex/latex/tcolorbox/tcbbreakable.code.tex
Library (tcolorbox): 'tcbbreakable.code.tex' version '6.9.0'
(/usr/share/texlive/texmf-dist/tex/latex/pdfcol/pdfcol.sty
(/usr/share/texlive/texmf-dist/tex/generic/ltxcmds/ltxcmds.sty)
(/usr/share/texlive/texmf-dist/tex/generic/infwarerr/infwarerr.sty)))
(/usr/share/texlive/texmf-dist/tex/latex/tcolorbox/tcbhooks.code.tex
Library (tcolorbox): 'tcbhooks.code.tex' version '6.9.0'
) (/usr/share/texlive/texmf-dist/tex/latex/tcolorbox/tcbtheorems.code.tex
Library (tcolorbox): 'tcbtheorems.code.tex' version '6.9.0'
(/usr/share/texlive/texmf-dist/tex/latex/amsmath/amsmath.sty
For additional information on amsmath, use the `?' option.
(/usr/share/texlive/texmf-dist/tex/latex/amsmath/amstext.sty
(/usr/share/texlive/texmf-dist/tex/latex/amsmath/amsgen.sty))
(/usr/share/texlive/texmf-dist/tex/latex/amsmath/amsbsy.sty)
(/usr/share/texlive/texmf-dist/tex/latex/amsmath/amsopn.sty)))
(/usr/share/texlive/texmf-dist/tex/latex/tcolorbox/tcbfitting.code.tex
Library (tcolorbox): 'tcbfitting.code.tex' version '6.9.0'
) (/usr/share/texlive/texmf-dist/tex/latex/tcolorbox/tcblistingsutf8.code.tex
Library (tcolorbox): 'tcblistingsutf8.code.tex' version '6.9.0'
(/usr/share/texlive/texmf-dist/tex/latex/tcolorbox/tcblistings.code.tex
Library (tcolorbox): 'tcblistings.code.tex' version '6.9.0'
(/usr/share/texlive/texmf-dist/tex/latex/listings/listings.sty
(/usr/share/texlive/texmf-dist/tex/latex/listings/lstpatch.sty)
(/usr/share/texlive/texmf-dist/tex/latex/listings/lstmisc.sty)
(/usr/share/texlive/texmf-dist/tex/latex/listings/listings.cfg))
==> First Aid for listings.sty no longer applied!
    Expected:
        2024/09/23 1.10c (Carsten Heinz)
    but found:
        2025/11/14 1.11b (Carsten Heinz)
    so I'm assuming it got fixed.
(/usr/share/texlive/texmf-dist/tex/latex/tcolorbox/tcblistingscore.code.tex
Library (tcolorbox): 'tcblistingscore.code.tex' version '6.9.0'
(/usr/share/texlive/texmf-dist/tex/latex/tcolorbox/tcbprocessing.code.tex
Library (tcolorbox): 'tcbprocessing.code.tex' version '6.9.0'
))) (/usr/share/texlive/texmf-dist/tex/latex/listingsutf8/listingsutf8.sty
(/usr/share/texlive/texmf-dist/tex/generic/pdftexcmds/pdftexcmds.sty)
(/usr/share/texlive/texmf-dist/tex/generic/stringenc/stringenc.sty
(/usr/share/texlive/texmf-dist/tex/generic/pdfescape/pdfescape.sty))))
(/usr/share/texlive/texmf-dist/tex/latex/tcolorbox/tcbexternal.code.tex
Library (tcolorbox): 'tcbexternal.code.tex' version '6.9.0'
) (/usr/share/texlive/texmf-dist/tex/latex/tcolorbox/tcbmagazine.code.tex
Library (tcolorbox): 'tcbmagazine.code.tex' version '6.9.0'
) (/usr/share/texlive/texmf-dist/tex/latex/tcolorbox/tcbvignette.code.tex
Library (tcolorbox): 'tcbvignette.code.tex' version '6.9.0'

(/usr/share/texlive/texmf-dist/tex/generic/pgf/frontendlayer/tikz/libraries/tik
zlibraryfadings.code.tex
(/usr/share/texlive/texmf-dist/tex/generic/pgf/libraries/pgflibraryfadings.code
.tex))) (/usr/share/texlive/texmf-dist/tex/latex/tcolorbox/tcbposter.code.tex
Library (tcolorbox): 'tcbposter.code.tex' version '6.9.0'
)) (/usr/share/texlive/texmf-dist/tex/latex/fancyhdr/fancyhdr.sty)
(/usr/share/texlive/texmf-dist/tex/latex/fontawesome5/fontawesome5.sty
(/usr/share/texlive/texmf-dist/tex/latex/l3kernel/expl3.sty
(/usr/share/texlive/texmf-dist/tex/latex/l3backend/l3backend-pdftex.def))
(/usr/share/texlive/texmf-dist/tex/latex/l3packages/l3keys2e/l3keys2e.sty)
(/usr/share/texlive/texmf-dist/tex/latex/l3packages/xparse/xparse.sty)
(/usr/share/texlive/texmf-dist/tex/latex/fontawesome5/fontawesome5-generic-help
er.sty
(/usr/share/texlive/texmf-dist/tex/latex/fontawesome5/fontawesome5-mapping.def)
)) (/usr/share/texlive/texmf-dist/tex/latex/enumitem/enumitem.sty)
(/usr/share/texlive/texmf-dist/tex/latex/tools/tabularx.sty
(/usr/share/texlive/texmf-dist/tex/latex/tools/array.sty))
(/usr/share/texlive/texmf-dist/tex/latex/colortbl/colortbl.sty)
(/usr/share/texlive/texmf-dist/tex/latex/tools/multicol.sty)
(/usr/share/texlive/texmf-dist/tex/latex/csquotes/csquotes.sty
(/usr/share/texlive/texmf-dist/tex/latex/csquotes/csquotes.def)
(/usr/share/texlive/texmf-dist/tex/latex/csquotes/csquotes.cfg))
(/usr/share/texlive/texmf-dist/tex/latex/truncate/truncate.sty)
(/usr/share/texlive/texmf-dist/tex/latex/hyperref/hyperref.sty
(/usr/share/texlive/texmf-dist/tex/latex/kvsetkeys/kvsetkeys.sty)
(/usr/share/texlive/texmf-dist/tex/generic/kvdefinekeys/kvdefinekeys.sty)
(/usr/share/texlive/texmf-dist/tex/latex/hycolor/hycolor.sty)
(/usr/share/texlive/texmf-dist/tex/latex/hyperref/nameref.sty
(/usr/share/texlive/texmf-dist/tex/latex/refcount/refcount.sty)
(/usr/share/texlive/texmf-dist/tex/generic/gettitlestring/gettitlestring.sty
(/usr/share/texlive/texmf-dist/tex/latex/kvoptions/kvoptions.sty)))
(/usr/share/texlive/texmf-dist/tex/latex/hyperref/pd1enc.def)
(/usr/share/texlive/texmf-dist/tex/generic/intcalc/intcalc.sty)
(/usr/share/texlive/texmf-dist/tex/latex/hyperref/puenc.def)
(/usr/share/texlive/texmf-dist/tex/latex/url/url.sty)
(/usr/share/texlive/texmf-dist/tex/generic/bitset/bitset.sty
(/usr/share/texlive/texmf-dist/tex/generic/bigintcalc/bigintcalc.sty)))
(/usr/share/texlive/texmf-dist/tex/latex/hyperref/hpdftex.def
(/usr/share/texlive/texmf-dist/tex/latex/rerunfilecheck/rerunfilecheck.sty
(/usr/share/texlive/texmf-dist/tex/generic/uniquecounter/uniquecounter.sty)))
(/usr/share/texlive/texmf-dist/tex/latex/bookmark/bookmark.sty
(/usr/share/texlive/texmf-dist/tex/latex/bookmark/bkm-pdftex.def))
(/usr/share/texlive/texmf-dist/tex/latex/roboto/T1Roboto-LF.fd) (./main.aux)
*geometry* driver: auto-detecting
*geometry* detected driver: pdftex
(/usr/share/texlive/texmf-dist/tex/context/base/mkii/supp-pdf.mkii
[Loading MPS to PDF converter (version 2006.09.02).]
) (/usr/share/texlive/texmf-dist/tex/latex/epstopdf-pkg/epstopdf-base.sty
(/usr/share/texlive/texmf-dist/tex/latex/latexconfig/epstopdf-sys.cfg))
(/usr/share/texlive/texmf-dist/tex/latex/roboto/TS1Roboto-LF.fd)
Underfull \hbox (badness 1789) in paragraph at lines 102--110
[]\T1/Roboto-LF/regular/n/10 Organiser, GDG on Cam-pus JIS Uni-ver-sity (2025^^
U26) \TS1/Roboto-LF/regular/n/10 · \T1/Roboto-LF/regular/n/10 Roll No.
[1{/var/lib/texmf/fonts/map/pdftex/updmap/pdftex.map}{/usr/share/texlive/texmf-
dist/fonts/enc/dvips/roboto/rbto_b5rac7.enc}{/usr/share/texlive/texmf-dist/font
s/enc/dvips/roboto/rbto_ocbbsb.enc}{/usr/share/texlive/texmf-dist/fonts/enc/dvi
ps/roboto/rbto_shbyjm.enc} <./assets/brand/banner_cover.png> <./assets/brand/pr
ofile_dscjisu_native.png>]
Underfull \hbox (badness 10000) in paragraph at lines 118--119


Overfull \hbox (10.21043pt too wide) in paragraph at lines 127--132
\T1/Roboto-LF/regular/n/10.95 ses-sions and study jams. Be-yond the tech-ni-cal
, we in-vest in peer men-tor-ship, team-work and community-
(/usr/share/texlive/texmf-dist/tex/latex/fontawesome5/ufontawesomefree0.fd)
[2{/usr/share/texlive/texmf-dist/fonts/enc/dvips/fontawesome5/fa5free0.enc}]
(/usr/share/texlive/texmf-dist/tex/latex/fontawesome5/ufontawesomefree2.fd)
(/usr/share/texlive/texmf-dist/tex/latex/fontawesome5/ufontawesomefree3.fd)
[3{/usr/share/texlive/texmf-dist/fonts/enc/dvips/fontawesome5/fa5free2.enc}{/us
r/share/texlive/texmf-dist/fonts/enc/dvips/fontawesome5/fa5free3.enc}]
Overfull \hbox (2.94241pt too wide) in paragraph at lines 191--192
[]\T1/Roboto-LF/regular/n/10 The largest sea-son on record ^^V na-tional hackat
hons, Hack-to-ber-fest, GSoC prepa-ra-tion, live CTF and system-
[4] (./main.toc [5]) [6]
(/usr/share/texlive/texmf-dist/tex/latex/fontawesome5/ufontawesomefree1.fd)
Underfull \hbox (badness 10000) in paragraph at lines 241--245


Overfull \hbox (1.20438pt too wide) in paragraph at lines 245--245
[][][][] 
[7{/usr/share/texlive/texmf-dist/fonts/enc/dvips/fontawesome5/fa5free1.enc} <./
assets/gallery/01/img-01.jpg> <./assets/gallery/01/img-02.jpg>]
Overfull \hbox (1.1945pt too wide) in paragraph at lines 259--259
 [][][][] 

Overfull \hbox (1.20041pt too wide) in paragraph at lines 259--259
 [][][][] 
[8 <./assets/gallery/02/img-01.jpg>] [9 <./assets/gallery/03/img-01.jpg> <./ass
ets/gallery/03/img-02.jpg>]
Overfull \hbox (1.19797pt too wide) in paragraph at lines 288--288
 [][][][] 

Overfull \hbox (1.20375pt too wide) in paragraph at lines 288--288
 [][][][] 

Underfull \hbox (badness 10000) in paragraph at lines 298--302

[10 <./assets/gallery/04/img-01.jpg> <./assets/gallery/04/img-02.jpg>]
Overfull \hbox (1.109pt too wide) in paragraph at lines 316--316
 [][][][] 
[11 <./assets/gallery/05/img-01.jpg>] [12 <./assets/gallery/06/img-01.jpg> <./a
ssets/gallery/06/img-02.jpg>] [13 <./assets/gallery/07/img-01.jpg> <./assets/ga
llery/07/img-02.jpg>] [14 <./assets/gallery/08/img-01.jpg> <./assets/gallery/08
/img-02.jpg>]
Underfull \hbox (badness 10000) in paragraph at lines 383--387

[15 <./assets/gallery/09/img-01.jpg> <./assets/gallery/09/img-02.jpg>]
Underfull \hbox (badness 10000) in paragraph at lines 397--401

[16 <./assets/gallery/10/img-01.jpg>]
Underfull \hbox (badness 10000) in paragraph at lines 411--415

[17 <./assets/gallery/11/img-01.jpg>]
Underfull \hbox (badness 10000) in paragraph at lines 439--443

[18{/usr/share/texmf/fonts/enc/dvips/cm-super/cm-super-t1.enc} <./assets/galler
y/12/img-01.jpg>]
Underfull \hbox (badness 10000) in paragraph at lines 453--457

[19 <./assets/gallery/14/img-01.jpg>] [20 <./assets/gallery/15/img-01.jpg>]
Underfull \hbox (badness 1048) in paragraph at lines 482--486
[]\T1/Roboto-LF/regular/n/10 A two-day, on-site hackathon that served as the in
-ter-nal nom-i-na-tion round for the Smart In-dia

Underfull \hbox (badness 10000) in paragraph at lines 482--486


Overfull \hbox (1.18939pt too wide) in paragraph at lines 486--486
[][][][] 

Underfull \hbox (badness 10000) in paragraph at lines 489--494

[21{/usr/share/texlive/texmf-dist/fonts/enc/dvips/roboto/rbto_hlrajr.enc} <./as
sets/gallery/16/img-01.jpg>]
Underfull \hbox (badness 10000) in paragraph at lines 649--653


Overfull \hbox (1.18939pt too wide) in paragraph at lines 653--653
[][][][] 
[22]
Underfull \hbox (badness 10000) in paragraph at lines 656--661


Underfull \hbox (badness 10000) in paragraph at lines 713--717


Overfull \hbox (1.18939pt too wide) in paragraph at lines 717--717
[][][][] 
[23 <./assets/gallery/17/img-01.jpg>]
Underfull \hbox (badness 10000) in paragraph at lines 720--725

[24 <./assets/gallery/18/img-01.jpg>]
Underfull \hbox (badness 10000) in paragraph at lines 795--799


Underfull \hbox (badness 10000) in paragraph at lines 802--807


Overfull \vbox (8.00061pt too high) has occurred while \output is active
Overfull \vbox (8.00061pt too high) has occurred while \output is active
Overfull \vbox (8.00061pt too high) has occurred while \output is active
[25 <./assets/gallery/19/img-01.jpg>]
Underfull \hbox (badness 10000) in paragraph at lines 847--851


Overfull \hbox (1.18939pt too wide) in paragraph at lines 851--851
[][][][] 

Underfull \hbox (badness 10000) in paragraph at lines 854--859


Underfull \hbox (badness 10000) in paragraph at lines 899--903

[26 <./assets/gallery/20/img-01.jpg>]
Underfull \hbox (badness 10000) in paragraph at lines 906--911


Underfull \hbox (badness 10000) in paragraph at lines 951--955

[27 <./assets/gallery/21/img-01.jpg>]
Underfull \hbox (badness 10000) in paragraph at lines 958--963

[28 <./assets/gallery/22/img-01.jpg>]
Underfull \hbox (badness 10000) in paragraph at lines 1002--1007

[29 <./assets/gallery/23/img-01.jpg> <./assets/gallery/23/img-03.jpg> <./assets
/gallery/23/img-02.jpg> <./assets/gallery/23/img-04.jpg>]
Underfull \hbox (badness 10000) in paragraph at lines 1105--1109


Overfull \hbox (1.20016pt too wide) in paragraph at lines 1109--1109
[][][][] 
[30]
Underfull \hbox (badness 10000) in paragraph at lines 1112--1117


Underfull \hbox (badness 10000) in paragraph at lines 1155--1159


Overfull \hbox (1.18939pt too wide) in paragraph at lines 1159--1159
[][][][] 
[31 <./assets/gallery/24/img-01.jpg>]
Underfull \hbox (badness 10000) in paragraph at lines 1162--1167


Underfull \hbox (badness 10000) in paragraph at lines 1192--1196

[32 <./assets/gallery/25/img-01.jpg>]
Underfull \hbox (badness 10000) in paragraph at lines 1199--1204


Overfull \hbox (1.18355pt too wide) in paragraph at lines 1246--1246
 [][][][] 

Overfull \hbox (1.18355pt too wide) in paragraph at lines 1246--1246
 [][][][] 
[33 <./assets/gallery/26/img-01.jpg>]
Underfull \hbox (badness 10000) in paragraph at lines 1249--1254


Underfull \hbox (badness 10000) in paragraph at lines 1322--1326


Overfull \hbox (1.18939pt too wide) in paragraph at lines 1326--1326
[][][][] 
[34 <./assets/gallery/27/img-01.jpg> <./assets/gallery/27/img-02.jpg>]
Underfull \hbox (badness 10000) in paragraph at lines 1329--1334


Underfull \hbox (badness 10000) in paragraph at lines 1382--1386

[35 <./assets/gallery/28/img-01.jpg>]
Underfull \hbox (badness 10000) in paragraph at lines 1389--1394


Underfull \hbox (badness 10000) in paragraph at lines 1426--1430


Overfull \hbox (1.18939pt too wide) in paragraph at lines 1430--1430
[][][][] 
[36 <./assets/gallery/29/img-01.jpg>]
Underfull \hbox (badness 10000) in paragraph at lines 1433--1438


Overfull \hbox (1.19008pt too wide) in paragraph at lines 1500--1500
 [][][][] 

Overfull \hbox (1.19313pt too wide) in paragraph at lines 1500--1500
 [][][][] 
[37 <./assets/gallery/30/img-01.jpg>]
Underfull \hbox (badness 10000) in paragraph at lines 1503--1508


Overfull \vbox (3.90651pt too high) has occurred while \output is active
Overfull \vbox (12.99852pt too high) has occurred while \output is active
Overfull \vbox (12.99852pt too high) has occurred while \output is active
[38 <./assets/gallery/31/img-01.jpg> <./assets/gallery/31/img-03.jpg> <./assets
/gallery/31/img-02.jpg>]
Overfull \hbox (1.19313pt too wide) in paragraph at lines 1542--1542
 [][][][] 

Overfull \hbox (1.19313pt too wide) in paragraph at lines 1542--1542
 [][][][] 

Underfull \hbox (badness 10000) in paragraph at lines 1545--1550

[39 <./assets/gallery/32/img-01.jpg> <./assets/gallery/32/img-02.jpg>]
Underfull \hbox (badness 10000) in paragraph at lines 1597--1602


Overfull \hbox (1.19313pt too wide) in paragraph at lines 1647--1647
 [][][][] 

Overfull \hbox (1.19379pt too wide) in paragraph at lines 1647--1647
 [][][][] 
[40 <./assets/gallery/33/img-01.jpg> <./assets/gallery/33/img-02.jpg>]
Underfull \hbox (badness 10000) in paragraph at lines 1650--1655

[41 <./assets/gallery/34/img-01.jpg> <./assets/gallery/34/img-02.jpg>] [42]
Overfull \hbox (1.19437pt too wide) in paragraph at lines 2094--2094
 [][][][] 

Overfull \hbox (1.19313pt too wide) in paragraph at lines 2094--2094
 [][][][] 
[43]
Underfull \hbox (badness 10000) in paragraph at lines 2097--2102

[44 <./assets/gallery/35/img-01.jpg> <./assets/gallery/35/img-02.jpg>] [45]
Underfull \hbox (badness 10000) in paragraph at lines 2224--2225

[46] (./main.aux) )
(see the transcript file for additional information)</usr/share/texlive/texmf-d
ist/fonts/type1/public/fontawesome5/FontAwesome5Free-Solid.pfb></usr/share/texl
ive/texmf-dist/fonts/type1/google/roboto/Roboto-Bold.pfb></usr/share/texlive/te
xmf-dist/fonts/type1/google/roboto/Roboto-Italic.pfb></usr/share/texlive/texmf-
dist/fonts/type1/google/roboto/Roboto-Regular.pfb></usr/share/texlive/texmf-dis
t/fonts/type1/public/amsfonts/cm/cmsy8.pfb></usr/share/texmf/fonts/type1/public
/cm-super/sftt0900.pfb>
Output written on main.pdf (46 pages, 6216021 bytes).
Transcript written on main.log.
Latexmk: Getting log file 'main.log'
Latexmk: Examining 'main.fls'
Latexmk: Examining 'main.log'
Latexmk: Log file says output to 'main.pdf'
Latexmk: Using bibtex to make bibliography file(s).
Latexmk: applying rule 'pdflatex'...
Rule 'pdflatex':  Reasons for rerun
Changed files or newly in use/created:
  main.aux
  main.toc

------------
Run number 3 of rule 'pdflatex'
------------
------------
Running 'pdflatex  -interaction=nonstopmode -recorder  "main.tex"'
------------
This is pdfTeX, Version 3.141592653-2.6-1.40.28 (TeX Live 2025/Debian) (preloaded format=pdflatex)
 restricted \write18 enabled.
entering extended mode
(./main.tex
LaTeX2e <2025-11-01>
L3 programming layer <2026-01-19>
(/usr/share/texlive/texmf-dist/tex/latex/base/article.cls
Document Class: article 2025/01/22 v1.4n Standard LaTeX document class
(/usr/share/texlive/texmf-dist/tex/latex/base/size11.clo))
(/usr/share/texlive/texmf-dist/tex/latex/base/fontenc.sty)
(/usr/share/texlive/texmf-dist/tex/latex/base/inputenc.sty)
(/usr/share/texlive/texmf-dist/tex/latex/roboto/roboto.sty
(/usr/share/texlive/texmf-dist/tex/generic/iftex/ifxetex.sty
(/usr/share/texlive/texmf-dist/tex/generic/iftex/iftex.sty))
(/usr/share/texlive/texmf-dist/tex/generic/iftex/ifluatex.sty)
(/usr/share/texlive/texmf-dist/tex/latex/xkeyval/xkeyval.sty
(/usr/share/texlive/texmf-dist/tex/generic/xkeyval/xkeyval.tex
(/usr/share/texlive/texmf-dist/tex/generic/xkeyval/xkvutils.tex
(/usr/share/texlive/texmf-dist/tex/generic/xkeyval/keyval.tex))))
(/usr/share/texlive/texmf-dist/tex/latex/base/textcomp.sty)
(/usr/share/texlive/texmf-dist/tex/latex/base/fontenc.sty)
(/usr/share/texlive/texmf-dist/tex/latex/fontaxes/fontaxes.sty
(/usr/share/texlive/texmf-dist/tex/latex/figureversions/figureversions.sty)))
(/usr/share/texlive/texmf-dist/tex/latex/geometry/geometry.sty
(/usr/share/texlive/texmf-dist/tex/generic/iftex/ifvtex.sty))
(/usr/share/texlive/texmf-dist/tex/latex/graphics/graphicx.sty
(/usr/share/texlive/texmf-dist/tex/latex/graphics/graphics.sty
(/usr/share/texlive/texmf-dist/tex/latex/graphics/trig.sty)
(/usr/share/texlive/texmf-dist/tex/latex/graphics-cfg/graphics.cfg)
(/usr/share/texlive/texmf-dist/tex/latex/graphics-def/pdftex.def)))
(/usr/share/texlive/texmf-dist/tex/latex/xcolor/xcolor.sty
(/usr/share/texlive/texmf-dist/tex/latex/graphics-cfg/color.cfg)
(/usr/share/texlive/texmf-dist/tex/latex/graphics/mathcolor.ltx))
(/usr/share/texlive/texmf-dist/tex/latex/pgf/frontendlayer/tikz.sty
(/usr/share/texlive/texmf-dist/tex/latex/pgf/basiclayer/pgf.sty
(/usr/share/texlive/texmf-dist/tex/latex/pgf/utilities/pgfrcs.sty
(/usr/share/texlive/texmf-dist/tex/generic/pgf/utilities/pgfutil-common.tex)
(/usr/share/texlive/texmf-dist/tex/generic/pgf/utilities/pgfutil-latex.def)
(/usr/share/texlive/texmf-dist/tex/generic/pgf/utilities/pgfrcs.code.tex
(/usr/share/texlive/texmf-dist/tex/generic/pgf/pgf.revision.tex)))
(/usr/share/texlive/texmf-dist/tex/latex/pgf/basiclayer/pgfcore.sty
(/usr/share/texlive/texmf-dist/tex/latex/pgf/systemlayer/pgfsys.sty
(/usr/share/texlive/texmf-dist/tex/generic/pgf/systemlayer/pgfsys.code.tex
(/usr/share/texlive/texmf-dist/tex/generic/pgf/utilities/pgfkeys.code.tex
(/usr/share/texlive/texmf-dist/tex/generic/pgf/utilities/pgfkeyslibraryfiltered
.code.tex)) (/usr/share/texlive/texmf-dist/tex/generic/pgf/systemlayer/pgf.cfg)
(/usr/share/texlive/texmf-dist/tex/generic/pgf/systemlayer/pgfsys-pdftex.def
(/usr/share/texlive/texmf-dist/tex/generic/pgf/systemlayer/pgfsys-common-pdf.de
f)))
(/usr/share/texlive/texmf-dist/tex/generic/pgf/systemlayer/pgfsyssoftpath.code.
tex)
(/usr/share/texlive/texmf-dist/tex/generic/pgf/systemlayer/pgfsysprotocol.code.
tex))
(/usr/share/texlive/texmf-dist/tex/generic/pgf/basiclayer/pgfcore.code.tex
(/usr/share/texlive/texmf-dist/tex/generic/pgf/math/pgfmath.code.tex
(/usr/share/texlive/texmf-dist/tex/generic/pgf/math/pgfmathutil.code.tex)
(/usr/share/texlive/texmf-dist/tex/generic/pgf/math/pgfmathparser.code.tex)
(/usr/share/texlive/texmf-dist/tex/generic/pgf/math/pgfmathfunctions.code.tex)
(/usr/share/texlive/texmf-dist/tex/generic/pgf/math/pgfmathfunctions.basic.code
.tex)
(/usr/share/texlive/texmf-dist/tex/generic/pgf/math/pgfmathfunctions.trigonomet
ric.code.tex)
(/usr/share/texlive/texmf-dist/tex/generic/pgf/math/pgfmathfunctions.random.cod
e.tex)
(/usr/share/texlive/texmf-dist/tex/generic/pgf/math/pgfmathfunctions.comparison
.code.tex)
(/usr/share/texlive/texmf-dist/tex/generic/pgf/math/pgfmathfunctions.base.code.
tex)
(/usr/share/texlive/texmf-dist/tex/generic/pgf/math/pgfmathfunctions.round.code
.tex)
(/usr/share/texlive/texmf-dist/tex/generic/pgf/math/pgfmathfunctions.misc.code.
tex)
(/usr/share/texlive/texmf-dist/tex/generic/pgf/math/pgfmathfunctions.integerari
thmetics.code.tex)
(/usr/share/texlive/texmf-dist/tex/generic/pgf/math/pgfmathcalc.code.tex)
(/usr/share/texlive/texmf-dist/tex/generic/pgf/math/pgfmathfloat.code.tex))
(/usr/share/texlive/texmf-dist/tex/generic/pgf/math/pgfint.code.tex)
(/usr/share/texlive/texmf-dist/tex/generic/pgf/basiclayer/pgfcorepoints.code.te
x)
(/usr/share/texlive/texmf-dist/tex/generic/pgf/basiclayer/pgfcorepathconstruct.
code.tex)
(/usr/share/texlive/texmf-dist/tex/generic/pgf/basiclayer/pgfcorepathusage.code
.tex)
(/usr/share/texlive/texmf-dist/tex/generic/pgf/basiclayer/pgfcorescopes.code.te
x)
(/usr/share/texlive/texmf-dist/tex/generic/pgf/basiclayer/pgfcoregraphicstate.c
ode.tex)
(/usr/share/texlive/texmf-dist/tex/generic/pgf/basiclayer/pgfcoretransformation
s.code.tex)
(/usr/share/texlive/texmf-dist/tex/generic/pgf/basiclayer/pgfcorequick.code.tex
)
(/usr/share/texlive/texmf-dist/tex/generic/pgf/basiclayer/pgfcoreobjects.code.t
ex)
(/usr/share/texlive/texmf-dist/tex/generic/pgf/basiclayer/pgfcorepathprocessing
.code.tex)
(/usr/share/texlive/texmf-dist/tex/generic/pgf/basiclayer/pgfcorearrows.code.te
x)
(/usr/share/texlive/texmf-dist/tex/generic/pgf/basiclayer/pgfcoreshade.code.tex
)
(/usr/share/texlive/texmf-dist/tex/generic/pgf/basiclayer/pgfcoreimage.code.tex
)
(/usr/share/texlive/texmf-dist/tex/generic/pgf/basiclayer/pgfcoreexternal.code.
tex)
(/usr/share/texlive/texmf-dist/tex/generic/pgf/basiclayer/pgfcorelayers.code.te
x)
(/usr/share/texlive/texmf-dist/tex/generic/pgf/basiclayer/pgfcoretransparency.c
ode.tex)
(/usr/share/texlive/texmf-dist/tex/generic/pgf/basiclayer/pgfcorepatterns.code.
tex)
(/usr/share/texlive/texmf-dist/tex/generic/pgf/basiclayer/pgfcorerdf.code.tex))
)
(/usr/share/texlive/texmf-dist/tex/generic/pgf/modules/pgfmoduleshapes.code.tex
) (/usr/share/texlive/texmf-dist/tex/generic/pgf/modules/pgfmoduleplot.code.tex
)
(/usr/share/texlive/texmf-dist/tex/latex/pgf/compatibility/pgfcomp-version-0-65
.sty)
(/usr/share/texlive/texmf-dist/tex/latex/pgf/compatibility/pgfcomp-version-1-18
.sty)) (/usr/share/texlive/texmf-dist/tex/latex/pgf/utilities/pgffor.sty
(/usr/share/texlive/texmf-dist/tex/latex/pgf/utilities/pgfkeys.sty
(/usr/share/texlive/texmf-dist/tex/generic/pgf/utilities/pgfkeys.code.tex))
(/usr/share/texlive/texmf-dist/tex/latex/pgf/math/pgfmath.sty
(/usr/share/texlive/texmf-dist/tex/generic/pgf/math/pgfmath.code.tex))
(/usr/share/texlive/texmf-dist/tex/generic/pgf/utilities/pgffor.code.tex))
(/usr/share/texlive/texmf-dist/tex/generic/pgf/frontendlayer/tikz/tikz.code.tex

(/usr/share/texlive/texmf-dist/tex/generic/pgf/libraries/pgflibraryplothandlers
.code.tex)
(/usr/share/texlive/texmf-dist/tex/generic/pgf/modules/pgfmodulematrix.code.tex
)
(/usr/share/texlive/texmf-dist/tex/generic/pgf/frontendlayer/tikz/libraries/tik
zlibrarytopaths.code.tex)))
(/usr/share/texlive/texmf-dist/tex/generic/pgf/frontendlayer/tikz/libraries/tik
zlibrarycalc.code.tex)
(/usr/share/texlive/texmf-dist/tex/latex/tcolorbox/tcolorbox.sty
(/usr/share/texlive/texmf-dist/tex/latex/tools/verbatim.sty)
(/usr/share/texlive/texmf-dist/tex/latex/environ/environ.sty
(/usr/share/texlive/texmf-dist/tex/latex/trimspaces/trimspaces.sty))
(/usr/share/texlive/texmf-dist/tex/latex/etoolbox/etoolbox.sty)
(/usr/share/texlive/texmf-dist/tex/latex/tcolorbox/tcbraster.code.tex
Library (tcolorbox): 'tcbraster.code.tex' version '6.9.0'
) (/usr/share/texlive/texmf-dist/tex/latex/tcolorbox/tcbskins.code.tex
Library (tcolorbox): 'tcbskins.code.tex' version '6.9.0'
(/usr/share/texlive/texmf-dist/tex/latex/tikzfill/tikzfill.image.sty
(/usr/share/texlive/texmf-dist/tex/latex/tikzfill/tikzfill-common.sty)
(/usr/share/texlive/texmf-dist/tex/latex/tikzfill/tikzlibraryfill.image.code.te
x)) (/usr/share/texlive/texmf-dist/tex/latex/tcolorbox/tcbskinsjigsaw.code.tex
Library (tcolorbox): 'tcbskinsjigsaw.code.tex' version '6.9.0'
)) (/usr/share/texlive/texmf-dist/tex/latex/tcolorbox/tcbbreakable.code.tex
Library (tcolorbox): 'tcbbreakable.code.tex' version '6.9.0'
(/usr/share/texlive/texmf-dist/tex/latex/pdfcol/pdfcol.sty
(/usr/share/texlive/texmf-dist/tex/generic/ltxcmds/ltxcmds.sty)
(/usr/share/texlive/texmf-dist/tex/generic/infwarerr/infwarerr.sty)))
(/usr/share/texlive/texmf-dist/tex/latex/tcolorbox/tcbhooks.code.tex
Library (tcolorbox): 'tcbhooks.code.tex' version '6.9.0'
) (/usr/share/texlive/texmf-dist/tex/latex/tcolorbox/tcbtheorems.code.tex
Library (tcolorbox): 'tcbtheorems.code.tex' version '6.9.0'
(/usr/share/texlive/texmf-dist/tex/latex/amsmath/amsmath.sty
For additional information on amsmath, use the `?' option.
(/usr/share/texlive/texmf-dist/tex/latex/amsmath/amstext.sty
(/usr/share/texlive/texmf-dist/tex/latex/amsmath/amsgen.sty))
(/usr/share/texlive/texmf-dist/tex/latex/amsmath/amsbsy.sty)
(/usr/share/texlive/texmf-dist/tex/latex/amsmath/amsopn.sty)))
(/usr/share/texlive/texmf-dist/tex/latex/tcolorbox/tcbfitting.code.tex
Library (tcolorbox): 'tcbfitting.code.tex' version '6.9.0'
) (/usr/share/texlive/texmf-dist/tex/latex/tcolorbox/tcblistingsutf8.code.tex
Library (tcolorbox): 'tcblistingsutf8.code.tex' version '6.9.0'
(/usr/share/texlive/texmf-dist/tex/latex/tcolorbox/tcblistings.code.tex
Library (tcolorbox): 'tcblistings.code.tex' version '6.9.0'
(/usr/share/texlive/texmf-dist/tex/latex/listings/listings.sty
(/usr/share/texlive/texmf-dist/tex/latex/listings/lstpatch.sty)
(/usr/share/texlive/texmf-dist/tex/latex/listings/lstmisc.sty)
(/usr/share/texlive/texmf-dist/tex/latex/listings/listings.cfg))
==> First Aid for listings.sty no longer applied!
    Expected:
        2024/09/23 1.10c (Carsten Heinz)
    but found:
        2025/11/14 1.11b (Carsten Heinz)
    so I'm assuming it got fixed.
(/usr/share/texlive/texmf-dist/tex/latex/tcolorbox/tcblistingscore.code.tex
Library (tcolorbox): 'tcblistingscore.code.tex' version '6.9.0'
(/usr/share/texlive/texmf-dist/tex/latex/tcolorbox/tcbprocessing.code.tex
Library (tcolorbox): 'tcbprocessing.code.tex' version '6.9.0'
))) (/usr/share/texlive/texmf-dist/tex/latex/listingsutf8/listingsutf8.sty
(/usr/share/texlive/texmf-dist/tex/generic/pdftexcmds/pdftexcmds.sty)
(/usr/share/texlive/texmf-dist/tex/generic/stringenc/stringenc.sty
(/usr/share/texlive/texmf-dist/tex/generic/pdfescape/pdfescape.sty))))
(/usr/share/texlive/texmf-dist/tex/latex/tcolorbox/tcbexternal.code.tex
Library (tcolorbox): 'tcbexternal.code.tex' version '6.9.0'
) (/usr/share/texlive/texmf-dist/tex/latex/tcolorbox/tcbmagazine.code.tex
Library (tcolorbox): 'tcbmagazine.code.tex' version '6.9.0'
) (/usr/share/texlive/texmf-dist/tex/latex/tcolorbox/tcbvignette.code.tex
Library (tcolorbox): 'tcbvignette.code.tex' version '6.9.0'

(/usr/share/texlive/texmf-dist/tex/generic/pgf/frontendlayer/tikz/libraries/tik
zlibraryfadings.code.tex
(/usr/share/texlive/texmf-dist/tex/generic/pgf/libraries/pgflibraryfadings.code
.tex))) (/usr/share/texlive/texmf-dist/tex/latex/tcolorbox/tcbposter.code.tex
Library (tcolorbox): 'tcbposter.code.tex' version '6.9.0'
)) (/usr/share/texlive/texmf-dist/tex/latex/fancyhdr/fancyhdr.sty)
(/usr/share/texlive/texmf-dist/tex/latex/fontawesome5/fontawesome5.sty
(/usr/share/texlive/texmf-dist/tex/latex/l3kernel/expl3.sty
(/usr/share/texlive/texmf-dist/tex/latex/l3backend/l3backend-pdftex.def))
(/usr/share/texlive/texmf-dist/tex/latex/l3packages/l3keys2e/l3keys2e.sty)
(/usr/share/texlive/texmf-dist/tex/latex/l3packages/xparse/xparse.sty)
(/usr/share/texlive/texmf-dist/tex/latex/fontawesome5/fontawesome5-generic-help
er.sty
(/usr/share/texlive/texmf-dist/tex/latex/fontawesome5/fontawesome5-mapping.def)
)) (/usr/share/texlive/texmf-dist/tex/latex/enumitem/enumitem.sty)
(/usr/share/texlive/texmf-dist/tex/latex/tools/tabularx.sty
(/usr/share/texlive/texmf-dist/tex/latex/tools/array.sty))
(/usr/share/texlive/texmf-dist/tex/latex/colortbl/colortbl.sty)
(/usr/share/texlive/texmf-dist/tex/latex/tools/multicol.sty)
(/usr/share/texlive/texmf-dist/tex/latex/csquotes/csquotes.sty
(/usr/share/texlive/texmf-dist/tex/latex/csquotes/csquotes.def)
(/usr/share/texlive/texmf-dist/tex/latex/csquotes/csquotes.cfg))
(/usr/share/texlive/texmf-dist/tex/latex/truncate/truncate.sty)
(/usr/share/texlive/texmf-dist/tex/latex/hyperref/hyperref.sty
(/usr/share/texlive/texmf-dist/tex/latex/kvsetkeys/kvsetkeys.sty)
(/usr/share/texlive/texmf-dist/tex/generic/kvdefinekeys/kvdefinekeys.sty)
(/usr/share/texlive/texmf-dist/tex/latex/hycolor/hycolor.sty)
(/usr/share/texlive/texmf-dist/tex/latex/hyperref/nameref.sty
(/usr/share/texlive/texmf-dist/tex/latex/refcount/refcount.sty)
(/usr/share/texlive/texmf-dist/tex/generic/gettitlestring/gettitlestring.sty
(/usr/share/texlive/texmf-dist/tex/latex/kvoptions/kvoptions.sty)))
(/usr/share/texlive/texmf-dist/tex/latex/hyperref/pd1enc.def)
(/usr/share/texlive/texmf-dist/tex/generic/intcalc/intcalc.sty)
(/usr/share/texlive/texmf-dist/tex/latex/hyperref/puenc.def)
(/usr/share/texlive/texmf-dist/tex/latex/url/url.sty)
(/usr/share/texlive/texmf-dist/tex/generic/bitset/bitset.sty
(/usr/share/texlive/texmf-dist/tex/generic/bigintcalc/bigintcalc.sty)))
(/usr/share/texlive/texmf-dist/tex/latex/hyperref/hpdftex.def
(/usr/share/texlive/texmf-dist/tex/latex/rerunfilecheck/rerunfilecheck.sty
(/usr/share/texlive/texmf-dist/tex/generic/uniquecounter/uniquecounter.sty)))
(/usr/share/texlive/texmf-dist/tex/latex/bookmark/bookmark.sty
(/usr/share/texlive/texmf-dist/tex/latex/bookmark/bkm-pdftex.def))
(/usr/share/texlive/texmf-dist/tex/latex/roboto/T1Roboto-LF.fd) (./main.aux)
*geometry* driver: auto-detecting
*geometry* detected driver: pdftex
(/usr/share/texlive/texmf-dist/tex/context/base/mkii/supp-pdf.mkii
[Loading MPS to PDF converter (version 2006.09.02).]
) (/usr/share/texlive/texmf-dist/tex/latex/epstopdf-pkg/epstopdf-base.sty
(/usr/share/texlive/texmf-dist/tex/latex/latexconfig/epstopdf-sys.cfg))
(/usr/share/texlive/texmf-dist/tex/latex/roboto/TS1Roboto-LF.fd)
Underfull \hbox (badness 1789) in paragraph at lines 102--110
[]\T1/Roboto-LF/regular/n/10 Organiser, GDG on Cam-pus JIS Uni-ver-sity (2025^^
U26) \TS1/Roboto-LF/regular/n/10 · \T1/Roboto-LF/regular/n/10 Roll No.
[1{/var/lib/texmf/fonts/map/pdftex/updmap/pdftex.map}{/usr/share/texlive/texmf-
dist/fonts/enc/dvips/roboto/rbto_b5rac7.enc}{/usr/share/texlive/texmf-dist/font
s/enc/dvips/roboto/rbto_ocbbsb.enc}{/usr/share/texlive/texmf-dist/fonts/enc/dvi
ps/roboto/rbto_shbyjm.enc} <./assets/brand/banner_cover.png> <./assets/brand/pr
ofile_dscjisu_native.png>]
Underfull \hbox (badness 10000) in paragraph at lines 118--119


Overfull \hbox (10.21043pt too wide) in paragraph at lines 127--132
\T1/Roboto-LF/regular/n/10.95 ses-sions and study jams. Be-yond the tech-ni-cal
, we in-vest in peer men-tor-ship, team-work and community-
(/usr/share/texlive/texmf-dist/tex/latex/fontawesome5/ufontawesomefree0.fd)
[2{/usr/share/texlive/texmf-dist/fonts/enc/dvips/fontawesome5/fa5free0.enc}]
(/usr/share/texlive/texmf-dist/tex/latex/fontawesome5/ufontawesomefree2.fd)
(/usr/share/texlive/texmf-dist/tex/latex/fontawesome5/ufontawesomefree3.fd)
[3{/usr/share/texlive/texmf-dist/fonts/enc/dvips/fontawesome5/fa5free2.enc}{/us
r/share/texlive/texmf-dist/fonts/enc/dvips/fontawesome5/fa5free3.enc}]
Overfull \hbox (2.94241pt too wide) in paragraph at lines 191--192
[]\T1/Roboto-LF/regular/n/10 The largest sea-son on record ^^V na-tional hackat
hons, Hack-to-ber-fest, GSoC prepa-ra-tion, live CTF and system-
[4] (./main.toc [5]) [6]
(/usr/share/texlive/texmf-dist/tex/latex/fontawesome5/ufontawesomefree1.fd)
Underfull \hbox (badness 10000) in paragraph at lines 241--245


Overfull \hbox (1.20438pt too wide) in paragraph at lines 245--245
[][][][] 
[7{/usr/share/texlive/texmf-dist/fonts/enc/dvips/fontawesome5/fa5free1.enc} <./
assets/gallery/01/img-01.jpg> <./assets/gallery/01/img-02.jpg>]
Overfull \hbox (1.1945pt too wide) in paragraph at lines 259--259
 [][][][] 

Overfull \hbox (1.20041pt too wide) in paragraph at lines 259--259
 [][][][] 
[8 <./assets/gallery/02/img-01.jpg>] [9 <./assets/gallery/03/img-01.jpg> <./ass
ets/gallery/03/img-02.jpg>]
Overfull \hbox (1.19797pt too wide) in paragraph at lines 288--288
 [][][][] 

Overfull \hbox (1.20375pt too wide) in paragraph at lines 288--288
 [][][][] 

Underfull \hbox (badness 10000) in paragraph at lines 298--302

[10 <./assets/gallery/04/img-01.jpg> <./assets/gallery/04/img-02.jpg>]
Overfull \hbox (1.109pt too wide) in paragraph at lines 316--316
 [][][][] 
[11 <./assets/gallery/05/img-01.jpg>] [12 <./assets/gallery/06/img-01.jpg> <./a
ssets/gallery/06/img-02.jpg>] [13 <./assets/gallery/07/img-01.jpg> <./assets/ga
llery/07/img-02.jpg>] [14 <./assets/gallery/08/img-01.jpg> <./assets/gallery/08
/img-02.jpg>]
Underfull \hbox (badness 10000) in paragraph at lines 383--387

[15 <./assets/gallery/09/img-01.jpg> <./assets/gallery/09/img-02.jpg>]
Underfull \hbox (badness 10000) in paragraph at lines 397--401

[16 <./assets/gallery/10/img-01.jpg>]
Underfull \hbox (badness 10000) in paragraph at lines 411--415

[17 <./assets/gallery/11/img-01.jpg>]
Underfull \hbox (badness 10000) in paragraph at lines 439--443

[18{/usr/share/texmf/fonts/enc/dvips/cm-super/cm-super-t1.enc} <./assets/galler
y/12/img-01.jpg>]
Underfull \hbox (badness 10000) in paragraph at lines 453--457

[19 <./assets/gallery/14/img-01.jpg>] [20 <./assets/gallery/15/img-01.jpg>]
Underfull \hbox (badness 1048) in paragraph at lines 482--486
[]\T1/Roboto-LF/regular/n/10 A two-day, on-site hackathon that served as the in
-ter-nal nom-i-na-tion round for the Smart In-dia

Underfull \hbox (badness 10000) in paragraph at lines 482--486


Overfull \hbox (1.18939pt too wide) in paragraph at lines 486--486
[][][][] 

Underfull \hbox (badness 10000) in paragraph at lines 489--494

[21{/usr/share/texlive/texmf-dist/fonts/enc/dvips/roboto/rbto_hlrajr.enc} <./as
sets/gallery/16/img-01.jpg>]
Underfull \hbox (badness 10000) in paragraph at lines 649--653


Overfull \hbox (1.18939pt too wide) in paragraph at lines 653--653
[][][][] 
[22]
Underfull \hbox (badness 10000) in paragraph at lines 656--661


Underfull \hbox (badness 10000) in paragraph at lines 713--717


Overfull \hbox (1.18939pt too wide) in paragraph at lines 717--717
[][][][] 
[23 <./assets/gallery/17/img-01.jpg>]
Underfull \hbox (badness 10000) in paragraph at lines 720--725

[24 <./assets/gallery/18/img-01.jpg>]
Underfull \hbox (badness 10000) in paragraph at lines 795--799


Underfull \hbox (badness 10000) in paragraph at lines 802--807


Overfull \vbox (8.00061pt too high) has occurred while \output is active
Overfull \vbox (8.00061pt too high) has occurred while \output is active
Overfull \vbox (8.00061pt too high) has occurred while \output is active
[25 <./assets/gallery/19/img-01.jpg>]
Underfull \hbox (badness 10000) in paragraph at lines 847--851


Overfull \hbox (1.18939pt too wide) in paragraph at lines 851--851
[][][][] 

Underfull \hbox (badness 10000) in paragraph at lines 854--859


Underfull \hbox (badness 10000) in paragraph at lines 899--903

[26 <./assets/gallery/20/img-01.jpg>]
Underfull \hbox (badness 10000) in paragraph at lines 906--911


Underfull \hbox (badness 10000) in paragraph at lines 951--955

[27 <./assets/gallery/21/img-01.jpg>]
Underfull \hbox (badness 10000) in paragraph at lines 958--963

[28 <./assets/gallery/22/img-01.jpg>]
Underfull \hbox (badness 10000) in paragraph at lines 1002--1007

[29 <./assets/gallery/23/img-01.jpg> <./assets/gallery/23/img-03.jpg> <./assets
/gallery/23/img-02.jpg> <./assets/gallery/23/img-04.jpg>]
Underfull \hbox (badness 10000) in paragraph at lines 1105--1109


Overfull \hbox (1.20016pt too wide) in paragraph at lines 1109--1109
[][][][] 
[30]
Underfull \hbox (badness 10000) in paragraph at lines 1112--1117


Underfull \hbox (badness 10000) in paragraph at lines 1155--1159


Overfull \hbox (1.18939pt too wide) in paragraph at lines 1159--1159
[][][][] 
[31 <./assets/gallery/24/img-01.jpg>]
Underfull \hbox (badness 10000) in paragraph at lines 1162--1167


Underfull \hbox (badness 10000) in paragraph at lines 1192--1196

[32 <./assets/gallery/25/img-01.jpg>]
Underfull \hbox (badness 10000) in paragraph at lines 1199--1204


Overfull \hbox (1.18355pt too wide) in paragraph at lines 1246--1246
 [][][][] 

Overfull \hbox (1.18355pt too wide) in paragraph at lines 1246--1246
 [][][][] 
[33 <./assets/gallery/26/img-01.jpg>]
Underfull \hbox (badness 10000) in paragraph at lines 1249--1254


Underfull \hbox (badness 10000) in paragraph at lines 1322--1326


Overfull \hbox (1.18939pt too wide) in paragraph at lines 1326--1326
[][][][] 
[34 <./assets/gallery/27/img-01.jpg> <./assets/gallery/27/img-02.jpg>]
Underfull \hbox (badness 10000) in paragraph at lines 1329--1334


Underfull \hbox (badness 10000) in paragraph at lines 1382--1386

[35 <./assets/gallery/28/img-01.jpg>]
Underfull \hbox (badness 10000) in paragraph at lines 1389--1394


Underfull \hbox (badness 10000) in paragraph at lines 1426--1430


Overfull \hbox (1.18939pt too wide) in paragraph at lines 1430--1430
[][][][] 
[36 <./assets/gallery/29/img-01.jpg>]
Underfull \hbox (badness 10000) in paragraph at lines 1433--1438


Overfull \hbox (1.19008pt too wide) in paragraph at lines 1500--1500
 [][][][] 

Overfull \hbox (1.19313pt too wide) in paragraph at lines 1500--1500
 [][][][] 
[37 <./assets/gallery/30/img-01.jpg>]
Underfull \hbox (badness 10000) in paragraph at lines 1503--1508


Overfull \vbox (3.90651pt too high) has occurred while \output is active
Overfull \vbox (12.99852pt too high) has occurred while \output is active
Overfull \vbox (12.99852pt too high) has occurred while \output is active
[38 <./assets/gallery/31/img-01.jpg> <./assets/gallery/31/img-03.jpg> <./assets
/gallery/31/img-02.jpg>]
Overfull \hbox (1.19313pt too wide) in paragraph at lines 1542--1542
 [][][][] 

Overfull \hbox (1.19313pt too wide) in paragraph at lines 1542--1542
 [][][][] 

Underfull \hbox (badness 10000) in paragraph at lines 1545--1550

[39 <./assets/gallery/32/img-01.jpg> <./assets/gallery/32/img-02.jpg>]
Underfull \hbox (badness 10000) in paragraph at lines 1597--1602


Overfull \hbox (1.19313pt too wide) in paragraph at lines 1647--1647
 [][][][] 

Overfull \hbox (1.19379pt too wide) in paragraph at lines 1647--1647
 [][][][] 
[40 <./assets/gallery/33/img-01.jpg> <./assets/gallery/33/img-02.jpg>]
Underfull \hbox (badness 10000) in paragraph at lines 1650--1655

[41 <./assets/gallery/34/img-01.jpg> <./assets/gallery/34/img-02.jpg>] [42]
Overfull \hbox (1.19437pt too wide) in paragraph at lines 2094--2094
 [][][][] 

Overfull \hbox (1.19313pt too wide) in paragraph at lines 2094--2094
 [][][][] 
[43]
Underfull \hbox (badness 10000) in paragraph at lines 2097--2102

[44 <./assets/gallery/35/img-01.jpg> <./assets/gallery/35/img-02.jpg>] [45]
Underfull \hbox (badness 10000) in paragraph at lines 2224--2225

[46] (./main.aux) )
(see the transcript file for additional information)</usr/share/texlive/texmf-d
ist/fonts/type1/public/fontawesome5/FontAwesome5Free-Solid.pfb></usr/share/texl
ive/texmf-dist/fonts/type1/google/roboto/Roboto-Bold.pfb></usr/share/texlive/te
xmf-dist/fonts/type1/google/roboto/Roboto-Italic.pfb></usr/share/texlive/texmf-
dist/fonts/type1/google/roboto/Roboto-Regular.pfb></usr/share/texlive/texmf-dis
t/fonts/type1/public/amsfonts/cm/cmsy8.pfb></usr/share/texmf/fonts/type1/public
/cm-super/sftt0900.pfb>
Output written on main.pdf (46 pages, 6216016 bytes).
Transcript written on main.log.
Latexmk: Getting log file 'main.log'
Latexmk: Examining 'main.fls'
Latexmk: Examining 'main.log'
Latexmk: Log file says output to 'main.pdf'
Latexmk: Using bibtex to make bibliography file(s).
Latexmk: All targets (main.pdf) are up-to-date

