This is pdfTeX, Version 3.141592653-2.6-1.40.28 (TeX Live 2025/Debian) (preloaded format=pdflatex 2026.5.26)  15 JUL 2026 11:18
entering extended mode
 restricted \write18 enabled.
 file:line:error style messages enabled.
 %&-line parsing enabled.
**/home/elixpo/dscjisu-technical-report/technical_report/dscjisu_report_21_26
(/home/elixpo/dscjisu-technical-report/technical_report/dscjisu_report_21_26.tex
LaTeX2e <2025-11-01>
L3 programming layer <2026-01-19>
(/usr/share/texlive/texmf-dist/tex/latex/base/article.cls
Document Class: article 2025/01/22 v1.4n Standard LaTeX document class
(/usr/share/texlive/texmf-dist/tex/latex/base/size11.clo
File: size11.clo 2025/01/22 v1.4n Standard LaTeX file (size option)
)
\c@part=\count275
\c@section=\count276
\c@subsection=\count277
\c@subsubsection=\count278
\c@paragraph=\count279
\c@subparagraph=\count280
\c@figure=\count281
\c@table=\count282
\abovecaptionskip=\skip49
\belowcaptionskip=\skip50
\bibindent=\dimen148
) (/usr/share/texlive/texmf-dist/tex/latex/base/fontenc.sty
Package: fontenc 2025/07/18 v2.1d Standard LaTeX package
) (/usr/share/texlive/texmf-dist/tex/latex/base/inputenc.sty
Package: inputenc 2024/02/08 v1.3d Input encoding file
\inpenc@prehook=\toks17
\inpenc@posthook=\toks18
) (/usr/share/texlive/texmf-dist/tex/latex/roboto/roboto.sty
Package: roboto 2022/09/10 (Bob Tennent) Supports Roboto fonts for all LaTeX engines.
 (/usr/share/texlive/texmf-dist/tex/generic/iftex/ifxetex.sty
Package: ifxetex 2019/10/25 v0.7 ifxetex legacy package. Use iftex instead.
 (/usr/share/texlive/texmf-dist/tex/generic/iftex/iftex.sty
Package: iftex 2024/12/12 v1.0g TeX engine tests
)) (/usr/share/texlive/texmf-dist/tex/generic/iftex/ifluatex.sty
Package: ifluatex 2019/10/25 v1.5 ifluatex legacy package. Use iftex instead.
) (/usr/share/texlive/texmf-dist/tex/latex/xkeyval/xkeyval.sty
Package: xkeyval 2025/11/04 v2.10 package option processing (HA)
 (/usr/share/texlive/texmf-dist/tex/generic/xkeyval/xkeyval.tex (/usr/share/texlive/texmf-dist/tex/generic/xkeyval/xkvutils.tex
\XKV@toks=\toks19
\XKV@tempa@toks=\toks20
\XKV@tempb@toks=\toks21
 (/usr/share/texlive/texmf-dist/tex/generic/xkeyval/keyval.tex))
\XKV@depth=\count283
File: xkeyval.tex 2014/12/03 v2.7a key=value parser (HA)
)) (/usr/share/texlive/texmf-dist/tex/latex/base/textcomp.sty
Package: textcomp 2024/04/24 v2.1b Standard LaTeX package
) (/usr/share/texlive/texmf-dist/tex/latex/base/fontenc.sty
Package: fontenc 2025/07/18 v2.1d Standard LaTeX package
) (/usr/share/texlive/texmf-dist/tex/latex/fontaxes/fontaxes.sty
Package: fontaxes 2026-01-02 v2.0.2 Font selection axes (deprecated)
Applying: [2024-11-01] Use figureversions if present on input line 74.
 (/usr/share/texlive/texmf-dist/tex/latex/figureversions/figureversions.sty
Package: figureversions 2025-04-29 v1.0.1 Figure versions
)
Already applied: [0000-00-00] Fall back to v1 on input line 76.
)) (/usr/share/texlive/texmf-dist/tex/latex/geometry/geometry.sty
Package: geometry 2020/01/02 v5.9 Page Geometry
 (/usr/share/texlive/texmf-dist/tex/generic/iftex/ifvtex.sty
Package: ifvtex 2019/10/25 v1.7 ifvtex legacy package. Use iftex instead.
)
\Gm@cnth=\count284
\Gm@cntv=\count285
\c@Gm@tempcnt=\count286
\Gm@bindingoffset=\dimen149
\Gm@wd@mp=\dimen150
\Gm@odd@mp=\dimen151
\Gm@even@mp=\dimen152
\Gm@layoutwidth=\dimen153
\Gm@layoutheight=\dimen154
\Gm@layouthoffset=\dimen155
\Gm@layoutvoffset=\dimen156
\Gm@dimlist=\toks22
) (/usr/share/texlive/texmf-dist/tex/latex/graphics/graphicx.sty
Package: graphicx 2024/12/31 v1.2e Enhanced LaTeX Graphics (DPC,SPQR)
 (/usr/share/texlive/texmf-dist/tex/latex/graphics/graphics.sty
Package: graphics 2024/08/06 v1.4g Standard LaTeX Graphics (DPC,SPQR)
 (/usr/share/texlive/texmf-dist/tex/latex/graphics/trig.sty
Package: trig 2023/12/02 v1.11 sin cos tan (DPC)
) (/usr/share/texlive/texmf-dist/tex/latex/graphics-cfg/graphics.cfg
File: graphics.cfg 2016/06/04 v1.11 sample graphics configuration
)
Package graphics Info: Driver file: pdftex.def on input line 106.
 (/usr/share/texlive/texmf-dist/tex/latex/graphics-def/pdftex.def
File: pdftex.def 2025/09/29 v1.2d Graphics/color driver for pdftex
))
\Gin@req@height=\dimen157
\Gin@req@width=\dimen158
) (/usr/share/texlive/texmf-dist/tex/latex/xcolor/xcolor.sty
Package: xcolor 2024/09/29 v3.02 LaTeX color extensions (UK)
 (/usr/share/texlive/texmf-dist/tex/latex/graphics-cfg/color.cfg
File: color.cfg 2016/01/02 v1.6 sample color configuration
)
Package xcolor Info: Driver file: pdftex.def on input line 274.
 (/usr/share/texlive/texmf-dist/tex/latex/graphics/mathcolor.ltx)
Package xcolor Info: Model `cmy' substituted by `cmy0' on input line 1349.
Package xcolor Info: Model `hsb' substituted by `rgb' on input line 1353.
Package xcolor Info: Model `RGB' extended on input line 1365.
Package xcolor Info: Model `HTML' substituted by `rgb' on input line 1367.
Package xcolor Info: Model `Hsb' substituted by `hsb' on input line 1368.
Package xcolor Info: Model `tHsb' substituted by `hsb' on input line 1369.
Package xcolor Info: Model `HSB' substituted by `hsb' on input line 1370.
Package xcolor Info: Model `Gray' substituted by `gray' on input line 1371.
Package xcolor Info: Model `wave' substituted by `hsb' on input line 1372.
) (/usr/share/texlive/texmf-dist/tex/latex/pgf/frontendlayer/tikz.sty (/usr/share/texlive/texmf-dist/tex/latex/pgf/basiclayer/pgf.sty (/usr/share/texlive/texmf-dist/tex/latex/pgf/utilities/pgfrcs.sty (/usr/share/texlive/texmf-dist/tex/generic/pgf/utilities/pgfutil-common.tex
\pgfutil@everybye=\toks23
\pgfutil@tempdima=\dimen159
\pgfutil@tempdimb=\dimen160
) (/usr/share/texlive/texmf-dist/tex/generic/pgf/utilities/pgfutil-latex.def
\pgfutil@abb=\box53
) (/usr/share/texlive/texmf-dist/tex/generic/pgf/utilities/pgfrcs.code.tex (/usr/share/texlive/texmf-dist/tex/generic/pgf/pgf.revision.tex)
Package: pgfrcs 2025-08-29 v3.1.11a (3.1.11a)
))
Package: pgf 2025-08-29 v3.1.11a (3.1.11a)
 (/usr/share/texlive/texmf-dist/tex/latex/pgf/basiclayer/pgfcore.sty (/usr/share/texlive/texmf-dist/tex/latex/pgf/systemlayer/pgfsys.sty (/usr/share/texlive/texmf-dist/tex/generic/pgf/systemlayer/pgfsys.code.tex
Package: pgfsys 2025-08-29 v3.1.11a (3.1.11a)
 (/usr/share/texlive/texmf-dist/tex/generic/pgf/utilities/pgfkeys.code.tex
\pgfkeys@pathtoks=\toks24
\pgfkeys@temptoks=\toks25
 (/usr/share/texlive/texmf-dist/tex/generic/pgf/utilities/pgfkeyslibraryfiltered.code.tex
\pgfkeys@tmptoks=\toks26
))
\pgf@x=\dimen161
\pgf@y=\dimen162
\pgf@xa=\dimen163
\pgf@ya=\dimen164
\pgf@xb=\dimen165
\pgf@yb=\dimen166
\pgf@xc=\dimen167
\pgf@yc=\dimen168
\pgf@xd=\dimen169
\pgf@yd=\dimen170
\w@pgf@writea=\write3
\r@pgf@reada=\read2
\c@pgf@counta=\count287
\c@pgf@countb=\count288
\c@pgf@countc=\count289
\c@pgf@countd=\count290
\t@pgf@toka=\toks27
\t@pgf@tokb=\toks28
\t@pgf@tokc=\toks29
\pgf@sys@id@count=\count291
 (/usr/share/texlive/texmf-dist/tex/generic/pgf/systemlayer/pgf.cfg
File: pgf.cfg 2025-08-29 v3.1.11a (3.1.11a)
)
Driver file for pgf: pgfsys-pdftex.def
 (/usr/share/texlive/texmf-dist/tex/generic/pgf/systemlayer/pgfsys-pdftex.def
File: pgfsys-pdftex.def 2025-08-29 v3.1.11a (3.1.11a)
 (/usr/share/texlive/texmf-dist/tex/generic/pgf/systemlayer/pgfsys-common-pdf.def
File: pgfsys-common-pdf.def 2025-08-29 v3.1.11a (3.1.11a)
))) (/usr/share/texlive/texmf-dist/tex/generic/pgf/systemlayer/pgfsyssoftpath.code.tex
File: pgfsyssoftpath.code.tex 2025-08-29 v3.1.11a (3.1.11a)
\pgfsyssoftpath@smallbuffer@items=\count292
\pgfsyssoftpath@bigbuffer@items=\count293
) (/usr/share/texlive/texmf-dist/tex/generic/pgf/systemlayer/pgfsysprotocol.code.tex
File: pgfsysprotocol.code.tex 2025-08-29 v3.1.11a (3.1.11a)
)) (/usr/share/texlive/texmf-dist/tex/generic/pgf/basiclayer/pgfcore.code.tex
Package: pgfcore 2025-08-29 v3.1.11a (3.1.11a)
 (/usr/share/texlive/texmf-dist/tex/generic/pgf/math/pgfmath.code.tex (/usr/share/texlive/texmf-dist/tex/generic/pgf/math/pgfmathutil.code.tex) (/usr/share/texlive/texmf-dist/tex/generic/pgf/math/pgfmathparser.code.tex
\pgfmath@dimen=\dimen171
\pgfmath@count=\count294
\pgfmath@box=\box54
\pgfmath@toks=\toks30
\pgfmath@stack@operand=\toks31
\pgfmath@stack@operation=\toks32
) (/usr/share/texlive/texmf-dist/tex/generic/pgf/math/pgfmathfunctions.code.tex) (/usr/share/texlive/texmf-dist/tex/generic/pgf/math/pgfmathfunctions.basic.code.tex) (/usr/share/texlive/texmf-dist/tex/generic/pgf/math/pgfmathfunctions.trigonometric.code.tex) (/usr/share/texlive/texmf-dist/tex/generic/pgf/math/pgfmathfunctions.random.code.tex) (/usr/share/texlive/texmf-dist/tex/generic/pgf/math/pgfmathfunctions.comparison.code.tex) (/usr/share/texlive/texmf-dist/tex/generic/pgf/math/pgfmathfunctions.base.code.tex) (/usr/share/texlive/texmf-dist/tex/generic/pgf/math/pgfmathfunctions.round.code.tex) (/usr/share/texlive/texmf-dist/tex/generic/pgf/math/pgfmathfunctions.misc.code.tex) (/usr/share/texlive/texmf-dist/tex/generic/pgf/math/pgfmathfunctions.integerarithmetics.code.tex) (/usr/share/texlive/texmf-dist/tex/generic/pgf/math/pgfmathcalc.code.tex) (/usr/share/texlive/texmf-dist/tex/generic/pgf/math/pgfmathfloat.code.tex
\c@pgfmathroundto@lastzeros=\count295
)) (/usr/share/texlive/texmf-dist/tex/generic/pgf/math/pgfint.code.tex) (/usr/share/texlive/texmf-dist/tex/generic/pgf/basiclayer/pgfcorepoints.code.tex
File: pgfcorepoints.code.tex 2025-08-29 v3.1.11a (3.1.11a)
\pgf@picminx=\dimen172
\pgf@picmaxx=\dimen173
\pgf@picminy=\dimen174
\pgf@picmaxy=\dimen175
\pgf@pathminx=\dimen176
\pgf@pathmaxx=\dimen177
\pgf@pathminy=\dimen178
\pgf@pathmaxy=\dimen179
\pgf@xx=\dimen180
\pgf@xy=\dimen181
\pgf@yx=\dimen182
\pgf@yy=\dimen183
\pgf@zx=\dimen184
\pgf@zy=\dimen185
) (/usr/share/texlive/texmf-dist/tex/generic/pgf/basiclayer/pgfcorepathconstruct.code.tex
File: pgfcorepathconstruct.code.tex 2025-08-29 v3.1.11a (3.1.11a)
\pgf@path@lastx=\dimen186
\pgf@path@lasty=\dimen187
) (/usr/share/texlive/texmf-dist/tex/generic/pgf/basiclayer/pgfcorepathusage.code.tex
File: pgfcorepathusage.code.tex 2025-08-29 v3.1.11a (3.1.11a)
\pgf@shorten@end@additional=\dimen188
\pgf@shorten@start@additional=\dimen189
) (/usr/share/texlive/texmf-dist/tex/generic/pgf/basiclayer/pgfcorescopes.code.tex
File: pgfcorescopes.code.tex 2025-08-29 v3.1.11a (3.1.11a)
\pgfpic=\box55
\pgf@hbox=\box56
\pgf@layerbox@main=\box57
\pgf@picture@serial@count=\count296
) (/usr/share/texlive/texmf-dist/tex/generic/pgf/basiclayer/pgfcoregraphicstate.code.tex
File: pgfcoregraphicstate.code.tex 2025-08-29 v3.1.11a (3.1.11a)
\pgflinewidth=\dimen190
) (/usr/share/texlive/texmf-dist/tex/generic/pgf/basiclayer/pgfcoretransformations.code.tex
File: pgfcoretransformations.code.tex 2025-08-29 v3.1.11a (3.1.11a)
\pgf@pt@x=\dimen191
\pgf@pt@y=\dimen192
\pgf@pt@temp=\dimen193
) (/usr/share/texlive/texmf-dist/tex/generic/pgf/basiclayer/pgfcorequick.code.tex
File: pgfcorequick.code.tex 2025-08-29 v3.1.11a (3.1.11a)
) (/usr/share/texlive/texmf-dist/tex/generic/pgf/basiclayer/pgfcoreobjects.code.tex
File: pgfcoreobjects.code.tex 2025-08-29 v3.1.11a (3.1.11a)
) (/usr/share/texlive/texmf-dist/tex/generic/pgf/basiclayer/pgfcorepathprocessing.code.tex
File: pgfcorepathprocessing.code.tex 2025-08-29 v3.1.11a (3.1.11a)
) (/usr/share/texlive/texmf-dist/tex/generic/pgf/basiclayer/pgfcorearrows.code.tex
File: pgfcorearrows.code.tex 2025-08-29 v3.1.11a (3.1.11a)
\pgfarrowsep=\dimen194
) (/usr/share/texlive/texmf-dist/tex/generic/pgf/basiclayer/pgfcoreshade.code.tex
File: pgfcoreshade.code.tex 2025-08-29 v3.1.11a (3.1.11a)
\pgf@max=\dimen195
\pgf@sys@shading@range@num=\count297
\pgf@shadingcount=\count298
) (/usr/share/texlive/texmf-dist/tex/generic/pgf/basiclayer/pgfcoreimage.code.tex
File: pgfcoreimage.code.tex 2025-08-29 v3.1.11a (3.1.11a)
) (/usr/share/texlive/texmf-dist/tex/generic/pgf/basiclayer/pgfcoreexternal.code.tex
File: pgfcoreexternal.code.tex 2025-08-29 v3.1.11a (3.1.11a)
\pgfexternal@startupbox=\box58
) (/usr/share/texlive/texmf-dist/tex/generic/pgf/basiclayer/pgfcorelayers.code.tex
File: pgfcorelayers.code.tex 2025-08-29 v3.1.11a (3.1.11a)
) (/usr/share/texlive/texmf-dist/tex/generic/pgf/basiclayer/pgfcoretransparency.code.tex
File: pgfcoretransparency.code.tex 2025-08-29 v3.1.11a (3.1.11a)
) (/usr/share/texlive/texmf-dist/tex/generic/pgf/basiclayer/pgfcorepatterns.code.tex
File: pgfcorepatterns.code.tex 2025-08-29 v3.1.11a (3.1.11a)
) (/usr/share/texlive/texmf-dist/tex/generic/pgf/basiclayer/pgfcorerdf.code.tex
File: pgfcorerdf.code.tex 2025-08-29 v3.1.11a (3.1.11a)
))) (/usr/share/texlive/texmf-dist/tex/generic/pgf/modules/pgfmoduleshapes.code.tex
File: pgfmoduleshapes.code.tex 2025-08-29 v3.1.11a (3.1.11a)
\pgfnodeparttextbox=\box59
) (/usr/share/texlive/texmf-dist/tex/generic/pgf/modules/pgfmoduleplot.code.tex
File: pgfmoduleplot.code.tex 2025-08-29 v3.1.11a (3.1.11a)
) (/usr/share/texlive/texmf-dist/tex/latex/pgf/compatibility/pgfcomp-version-0-65.sty
Package: pgfcomp-version-0-65 2025-08-29 v3.1.11a (3.1.11a)
\pgf@nodesepstart=\dimen196
\pgf@nodesepend=\dimen197
) (/usr/share/texlive/texmf-dist/tex/latex/pgf/compatibility/pgfcomp-version-1-18.sty
Package: pgfcomp-version-1-18 2025-08-29 v3.1.11a (3.1.11a)
)) (/usr/share/texlive/texmf-dist/tex/latex/pgf/utilities/pgffor.sty (/usr/share/texlive/texmf-dist/tex/latex/pgf/utilities/pgfkeys.sty (/usr/share/texlive/texmf-dist/tex/generic/pgf/utilities/pgfkeys.code.tex)) (/usr/share/texlive/texmf-dist/tex/latex/pgf/math/pgfmath.sty (/usr/share/texlive/texmf-dist/tex/generic/pgf/math/pgfmath.code.tex)) (/usr/share/texlive/texmf-dist/tex/generic/pgf/utilities/pgffor.code.tex
Package: pgffor 2025-08-29 v3.1.11a (3.1.11a)
\pgffor@iter=\dimen198
\pgffor@skip=\dimen199
\pgffor@stack=\toks33
\pgffor@toks=\toks34
)) (/usr/share/texlive/texmf-dist/tex/generic/pgf/frontendlayer/tikz/tikz.code.tex
Package: tikz 2025-08-29 v3.1.11a (3.1.11a)
 (/usr/share/texlive/texmf-dist/tex/generic/pgf/libraries/pgflibraryplothandlers.code.tex
File: pgflibraryplothandlers.code.tex 2025-08-29 v3.1.11a (3.1.11a)
\pgf@plot@mark@count=\count299
\pgfplotmarksize=\dimen256
)
\tikz@lastx=\dimen257
\tikz@lasty=\dimen258
\tikz@lastxsaved=\dimen259
\tikz@lastysaved=\dimen260
\tikz@lastmovetox=\dimen261
\tikz@lastmovetoy=\dimen262
\tikzleveldistance=\dimen263
\tikzsiblingdistance=\dimen264
\tikz@figbox=\box60
\tikz@figbox@bg=\box61
\tikz@tempbox=\box62
\tikz@tempbox@bg=\box63
\tikztreelevel=\count300
\tikznumberofchildren=\count301
\tikznumberofcurrentchild=\count302
\tikz@fig@count=\count303
 (/usr/share/texlive/texmf-dist/tex/generic/pgf/modules/pgfmodulematrix.code.tex
File: pgfmodulematrix.code.tex 2025-08-29 v3.1.11a (3.1.11a)
\pgfmatrixcurrentrow=\count304
\pgfmatrixcurrentcolumn=\count305
\pgf@matrix@numberofcolumns=\count306
)
\tikz@expandcount=\count307
 (/usr/share/texlive/texmf-dist/tex/generic/pgf/frontendlayer/tikz/libraries/tikzlibrarytopaths.code.tex
File: tikzlibrarytopaths.code.tex 2025-08-29 v3.1.11a (3.1.11a)
))) (/usr/share/texlive/texmf-dist/tex/generic/pgf/frontendlayer/tikz/libraries/tikzlibrarycalc.code.tex
File: tikzlibrarycalc.code.tex 2025-08-29 v3.1.11a (3.1.11a)
) (/usr/share/texlive/texmf-dist/tex/latex/tcolorbox/tcolorbox.sty
Package: tcolorbox 2025/11/28 version 6.9.0 text color boxes
 (/usr/share/texlive/texmf-dist/tex/latex/tools/verbatim.sty
Package: verbatim 2024-01-22 v1.5x LaTeX2e package for verbatim enhancements
\every@verbatim=\toks35
\verbatim@line=\toks36
\verbatim@in@stream=\read3
) (/usr/share/texlive/texmf-dist/tex/latex/environ/environ.sty
Package: environ 2014/05/04 v0.3 A new way to define environments
 (/usr/share/texlive/texmf-dist/tex/latex/trimspaces/trimspaces.sty
Package: trimspaces 2009/09/17 v1.1 Trim spaces around a token list
)
\@envbody=\toks37
) (/usr/share/texlive/texmf-dist/tex/latex/etoolbox/etoolbox.sty
Package: etoolbox 2025/10/02 v2.5m e-TeX tools for LaTeX (JAW)
\etb@tempcnta=\count308
)
\tcb@titlebox=\box64
\tcb@upperbox=\box65
\tcb@lowerbox=\box66
\tcb@phantombox=\box67
\c@tcbbreakpart=\count309
\c@tcblayer=\count310
\c@tcolorbox@number=\count311
\l__tcobox_tmpa_box=\box68
\l__tcobox_tmpa_dim=\dimen265
\tcb@temp=\box69
\tcb@temp=\box70
\tcb@temp=\box71
\tcb@temp=\box72
 (/usr/share/texlive/texmf-dist/tex/latex/tcolorbox/tcbraster.code.tex
Library (tcolorbox): 'tcbraster.code.tex' version '6.9.0'
\c@tcbrastercolumn=\count312
\c@tcbrasterrow=\count313
\c@tcbrasternum=\count314
\c@tcbraster=\count315
) (/usr/share/texlive/texmf-dist/tex/latex/tcolorbox/tcbskins.code.tex
Library (tcolorbox): 'tcbskins.code.tex' version '6.9.0'
(/usr/share/texlive/texmf-dist/tex/latex/tikzfill/tikzfill.image.sty
Package: tikzfill.image 2023/08/08 v1.0.1 Image filling library for TikZ
 (/usr/share/texlive/texmf-dist/tex/latex/tikzfill/tikzfill-common.sty
Package: tikzfill-common 2023/08/08 v1.0.1 Auxiliary code for tikzfill
) (/usr/share/texlive/texmf-dist/tex/latex/tikzfill/tikzlibraryfill.image.code.tex
File: tikzlibraryfill.image.code.tex 2023/08/08 v1.0.1 Image filling library
\l__tikzfill_img_box=\box73
)) (/usr/share/texlive/texmf-dist/tex/latex/tcolorbox/tcbskinsjigsaw.code.tex
Library (tcolorbox): 'tcbskinsjigsaw.code.tex' version '6.9.0'
)) (/usr/share/texlive/texmf-dist/tex/latex/tcolorbox/tcbbreakable.code.tex
Library (tcolorbox): 'tcbbreakable.code.tex' version '6.9.0'
(/usr/share/texlive/texmf-dist/tex/latex/pdfcol/pdfcol.sty
Package: pdfcol 2022-09-21 v1.7 Handle new color stacks for pdfTeX (HO)
 (/usr/share/texlive/texmf-dist/tex/generic/ltxcmds/ltxcmds.sty
Package: ltxcmds 2023-12-04 v1.26 LaTeX kernel commands for general use (HO)
) (/usr/share/texlive/texmf-dist/tex/generic/infwarerr/infwarerr.sty
Package: infwarerr 2019/12/03 v1.5 Providing info/warning/error messages (HO)
))
Package pdfcol Info: New color stack `tcb@breakable' = 1 on input line 23.
\tcb@testbox=\box74
\tcb@totalupperbox=\box75
\tcb@totallowerbox=\box76
) (/usr/share/texlive/texmf-dist/tex/latex/tcolorbox/tcbhooks.code.tex
Library (tcolorbox): 'tcbhooks.code.tex' version '6.9.0'
) (/usr/share/texlive/texmf-dist/tex/latex/tcolorbox/tcbtheorems.code.tex
Library (tcolorbox): 'tcbtheorems.code.tex' version '6.9.0'
(/usr/share/texlive/texmf-dist/tex/latex/amsmath/amsmath.sty
Package: amsmath 2025/07/09 v2.17z AMS math features
\@mathmargin=\skip51

For additional information on amsmath, use the `?' option.
(/usr/share/texlive/texmf-dist/tex/latex/amsmath/amstext.sty
Package: amstext 2024/11/17 v2.01 AMS text
 (/usr/share/texlive/texmf-dist/tex/latex/amsmath/amsgen.sty
File: amsgen.sty 1999/11/30 v2.0 generic functions
\@emptytoks=\toks38
\ex@=\dimen266
)) (/usr/share/texlive/texmf-dist/tex/latex/amsmath/amsbsy.sty
Package: amsbsy 1999/11/29 v1.2d Bold Symbols
\pmbraise@=\dimen267
) (/usr/share/texlive/texmf-dist/tex/latex/amsmath/amsopn.sty
Package: amsopn 2022/04/08 v2.04 operator names
)
\inf@bad=\count316
LaTeX Info: Redefining \frac on input line 233.
\uproot@=\count317
\leftroot@=\count318
LaTeX Info: Redefining \overline on input line 398.
LaTeX Info: Redefining \colon on input line 409.
\classnum@=\count319
\DOTSCASE@=\count320
LaTeX Info: Redefining \ldots on input line 495.
LaTeX Info: Redefining \dots on input line 498.
LaTeX Info: Redefining \cdots on input line 619.
\Mathstrutbox@=\box77
\strutbox@=\box78
LaTeX Info: Redefining \big on input line 721.
LaTeX Info: Redefining \Big on input line 722.
LaTeX Info: Redefining \bigg on input line 723.
LaTeX Info: Redefining \Bigg on input line 724.
\big@size=\dimen268
LaTeX Font Info:    Redeclaring font encoding OML on input line 742.
LaTeX Font Info:    Redeclaring font encoding OMS on input line 743.
\macc@depth=\count321
LaTeX Info: Redefining \bmod on input line 904.
LaTeX Info: Redefining \pmod on input line 909.
LaTeX Info: Redefining \smash on input line 939.
LaTeX Info: Redefining \relbar on input line 969.
LaTeX Info: Redefining \Relbar on input line 970.
\c@MaxMatrixCols=\count322
\dotsspace@=\muskip17
\c@parentequation=\count323
\dspbrk@lvl=\count324
\tag@help=\toks39
\row@=\count325
\column@=\count326
\maxfields@=\count327
\andhelp@=\toks40
\eqnshift@=\dimen269
\alignsep@=\dimen270
\tagshift@=\dimen271
\tagwidth@=\dimen272
\totwidth@=\dimen273
\lineht@=\dimen274
\@envbody=\toks41
\multlinegap=\skip52
\multlinetaggap=\skip53
\mathdisplay@stack=\toks42
LaTeX Info: Redefining \[ on input line 2950.
LaTeX Info: Redefining \] on input line 2951.
)) (/usr/share/texlive/texmf-dist/tex/latex/tcolorbox/tcbfitting.code.tex
Library (tcolorbox): 'tcbfitting.code.tex' version '6.9.0'
\tcbfitdim=\dimen275
\tcb@lowerfitdim=\dimen276
\tcb@upperfitdim=\dimen277
\tcb@cur@hbadness=\count328
) (/usr/share/texlive/texmf-dist/tex/latex/tcolorbox/tcblistingsutf8.code.tex
Library (tcolorbox): 'tcblistingsutf8.code.tex' version '6.9.0'
(/usr/share/texlive/texmf-dist/tex/latex/tcolorbox/tcblistings.code.tex
Library (tcolorbox): 'tcblistings.code.tex' version '6.9.0'
(/usr/share/texlive/texmf-dist/tex/latex/listings/listings.sty
\lst@mode=\count329
\lst@gtempboxa=\box79
\lst@token=\toks43
\lst@length=\count330
\lst@currlwidth=\dimen278
\lst@column=\count331
\lst@pos=\count332
\lst@lostspace=\dimen279
\lst@width=\dimen280
\lst@newlines=\count333
\lst@lineno=\count334
\lst@maxwidth=\dimen281
 (/usr/share/texlive/texmf-dist/tex/latex/listings/lstpatch.sty
File: lstpatch.sty 2025/11/14 1.11b (Carsten Heinz)
) (/usr/share/texlive/texmf-dist/tex/latex/listings/lstmisc.sty
File: lstmisc.sty 2025/11/14 1.11b (Carsten Heinz)
\c@lstnumber=\count335
\lst@skipnumbers=\count336
\lst@framebox=\box80
) (/usr/share/texlive/texmf-dist/tex/latex/listings/listings.cfg
File: listings.cfg 2025/11/14 1.11b listings configuration
))
Package: listings 2025/11/14 1.11b (Carsten Heinz)

==> First Aid for listings.sty no longer applied!
    Expected:
        2024/09/23 1.10c (Carsten Heinz)
    but found:
        2025/11/14 1.11b (Carsten Heinz)
    so I'm assuming it got fixed.
(/usr/share/texlive/texmf-dist/tex/latex/tcolorbox/tcblistingscore.code.tex
Library (tcolorbox): 'tcblistingscore.code.tex' version '6.9.0'
(/usr/share/texlive/texmf-dist/tex/latex/tcolorbox/tcbprocessing.code.tex
Library (tcolorbox): 'tcbprocessing.code.tex' version '6.9.0'
)
\c@tcblisting=\count337
)) (/usr/share/texlive/texmf-dist/tex/latex/listingsutf8/listingsutf8.sty
Package: listingsutf8 2019-12-10 v1.5 Allow UTF-8 in listings input (HO)
 (/usr/share/texlive/texmf-dist/tex/generic/pdftexcmds/pdftexcmds.sty
Package: pdftexcmds 2020-06-27 v0.33 Utility functions of pdfTeX for LuaTeX (HO)
Package pdftexcmds Info: \pdf@primitive is available.
Package pdftexcmds Info: \pdf@ifprimitive is available.
Package pdftexcmds Info: \pdfdraftmode found.
) (/usr/share/texlive/texmf-dist/tex/generic/stringenc/stringenc.sty
Package: stringenc 2019/11/29 v1.12 Convert strings between diff. encodings (HO)
 (/usr/share/texlive/texmf-dist/tex/generic/pdfescape/pdfescape.sty
Package: pdfescape 2019/12/09 v1.15 Implements pdfTeX's escape features (HO)
)))) (/usr/share/texlive/texmf-dist/tex/latex/tcolorbox/tcbexternal.code.tex
Library (tcolorbox): 'tcbexternal.code.tex' version '6.9.0'
) (/usr/share/texlive/texmf-dist/tex/latex/tcolorbox/tcbmagazine.code.tex
Library (tcolorbox): 'tcbmagazine.code.tex' version '6.9.0'
) (/usr/share/texlive/texmf-dist/tex/latex/tcolorbox/tcbvignette.code.tex
Library (tcolorbox): 'tcbvignette.code.tex' version '6.9.0'
(/usr/share/texlive/texmf-dist/tex/generic/pgf/frontendlayer/tikz/libraries/tikzlibraryfadings.code.tex
File: tikzlibraryfadings.code.tex 2025-08-29 v3.1.11a (3.1.11a)
 (/usr/share/texlive/texmf-dist/tex/generic/pgf/libraries/pgflibraryfadings.code.tex
File: pgflibraryfadings.code.tex 2025-08-29 v3.1.11a (3.1.11a)
))) (/usr/share/texlive/texmf-dist/tex/latex/tcolorbox/tcbposter.code.tex
Library (tcolorbox): 'tcbposter.code.tex' version '6.9.0'
)) (/usr/share/texlive/texmf-dist/tex/latex/fancyhdr/fancyhdr.sty
Package: fancyhdr 2025/02/07 v5.2 Extensive control of page headers and footers
\f@nch@headwidth=\skip54
\f@nch@offset@elh=\skip55
\f@nch@offset@erh=\skip56
\f@nch@offset@olh=\skip57
\f@nch@offset@orh=\skip58
\f@nch@offset@elf=\skip59
\f@nch@offset@erf=\skip60
\f@nch@offset@olf=\skip61
\f@nch@offset@orf=\skip62
\f@nch@height=\skip63
\f@nch@footalignment=\skip64
\f@nch@widthL=\skip65
\f@nch@widthC=\skip66
\f@nch@widthR=\skip67
\@temptokenb=\toks44
) (/usr/share/texlive/texmf-dist/tex/latex/fontawesome5/fontawesome5.sty (/usr/share/texlive/texmf-dist/tex/latex/l3kernel/expl3.sty
Package: expl3 2026-01-19 L3 programming layer (loader) 
 (/usr/share/texlive/texmf-dist/tex/latex/l3backend/l3backend-pdftex.def
File: l3backend-pdftex.def 2025-10-09 L3 backend support: PDF output (pdfTeX)
\l__color_backend_stack_int=\count338
))
Package: fontawesome5 2022/05/02 v5.15.4 Font Awesome 5
 (/usr/share/texlive/texmf-dist/tex/latex/l3packages/l3keys2e/l3keys2e.sty
Package: l3keys2e 2025-10-09 LaTeX2e option processing using LaTeX3 keys
) (/usr/share/texlive/texmf-dist/tex/latex/l3packages/xparse/xparse.sty
Package: xparse 2025-10-09 L3 Experimental document command parser
) (/usr/share/texlive/texmf-dist/tex/latex/fontawesome5/fontawesome5-generic-helper.sty
Package: fontawesome5-generic-helper 2022/05/02 v5.15.4 non-uTeX helper for fontawesome5
 (/usr/share/texlive/texmf-dist/tex/latex/fontawesome5/fontawesome5-mapping.def))) (/usr/share/texlive/texmf-dist/tex/latex/enumitem/enumitem.sty
Package: enumitem 2025/02/06 v3.11 Customized lists
\enitkv@toks@=\toks45
\labelindent=\skip68
\enit@outerparindent=\dimen282
\enit@toks=\toks46
\enit@inbox=\box81
\enit@count@id=\count339
\enitdp@description=\count340
) (/usr/share/texlive/texmf-dist/tex/latex/tools/tabularx.sty
Package: tabularx 2023/12/11 v2.12a `tabularx' package (DPC)
 (/usr/share/texlive/texmf-dist/tex/latex/tools/array.sty
Package: array 2025/09/25 v2.6n Tabular extension package (FMi)
\col@sep=\dimen283
\ar@mcellbox=\box82
\extrarowheight=\dimen284
\NC@list=\toks47
\extratabsurround=\skip69
\backup@length=\skip70
\ar@cellbox=\box83
)
\TX@col@width=\dimen285
\TX@old@table=\dimen286
\TX@old@col=\dimen287
\TX@target=\dimen288
\TX@delta=\dimen289
\TX@cols=\count341
\TX@ftn=\toks48
) (/usr/share/texlive/texmf-dist/tex/latex/colortbl/colortbl.sty
Package: colortbl 2024/10/29 v1.0k Color table columns (DPC)
\everycr=\toks49
\minrowclearance=\skip71
\rownum=\count342
) (/usr/share/texlive/texmf-dist/tex/latex/tools/multicol.sty
Package: multicol 2025/10/21 v2.0b multicolumn formatting (FMi)
\c@tracingmulticols=\count343
\mult@box=\box84
\multicol@leftmargin=\dimen290
\c@unbalance=\count344
\c@collectmore=\count345
\doublecol@number=\count346
\multicoltolerance=\count347
\multicolpretolerance=\count348
\full@width=\dimen291
\page@free=\dimen292
\premulticols=\dimen293
\postmulticols=\dimen294
\multicolsep=\skip72
\multicolbaselineskip=\skip73
\partial@page=\box85
\last@line=\box86
\mc@boxedresult=\box87
\maxbalancingoverflow=\dimen295
\mult@rightbox=\box88
\mult@grightbox=\box89
\mult@firstbox=\box90
\mult@gfirstbox=\box91
\@tempa=\box92
\@tempa=\box93
\@tempa=\box94
\@tempa=\box95
\@tempa=\box96
\@tempa=\box97
\@tempa=\box98
\@tempa=\box99
\@tempa=\box100
\@tempa=\box101
\@tempa=\box102
\@tempa=\box103
\@tempa=\box104
\@tempa=\box105
\@tempa=\box106
\@tempa=\box107
\@tempa=\box108
\@tempa=\box109
\@tempa=\box110
\@tempa=\box111
\@tempa=\box112
\@tempa=\box113
\@tempa=\box114
\@tempa=\box115
\@tempa=\box116
\@tempa=\box117
\@tempa=\box118
\@tempa=\box119
\@tempa=\box120
\@tempa=\box121
\@tempa=\box122
\@tempa=\box123
\@tempa=\box124
\@tempa=\box125
\@tempa=\box126
\@tempa=\box127
\c@minrows=\count349
\c@columnbadness=\count350
\c@finalcolumnbadness=\count351
\last@try=\dimen296
\multicolovershoot=\dimen297
\multicolundershoot=\dimen298
\mult@nat@firstbox=\box128
\colbreak@box=\box129
\mc@col@check@num=\count352
\g__mc_curr_col_int=\count353
) (/usr/share/texlive/texmf-dist/tex/latex/csquotes/csquotes.sty
Package: csquotes 2024-04-04 v5.2o context-sensitive quotations (JAW)
\csq@reset=\count354
\csq@gtype=\count355
\csq@glevel=\count356
\csq@qlevel=\count357
\csq@maxlvl=\count358
\csq@tshold=\count359
\csq@ltx@everypar=\toks50
 (/usr/share/texlive/texmf-dist/tex/latex/csquotes/csquotes.def
File: csquotes.def 2024-04-04 v5.2o csquotes generic definitions (JAW)
)
Package csquotes Info: Trying to load configuration file 'csquotes.cfg'...
Package csquotes Info: ... configuration file loaded successfully.
 (/usr/share/texlive/texmf-dist/tex/latex/csquotes/csquotes.cfg
File: csquotes.cfg 
)) (/usr/share/texlive/texmf-dist/tex/latex/truncate/truncate.sty
Package: truncate 2001/08/20  ver 3.6
\@Trunc@RestHyph=\toks51
) (/usr/share/texlive/texmf-dist/tex/latex/hyperref/hyperref.sty
Package: hyperref 2025-07-12 v7.01o Hypertext links for LaTeX
 (/usr/share/texlive/texmf-dist/tex/latex/kvsetkeys/kvsetkeys.sty
Package: kvsetkeys 2022-10-05 v1.19 Key value parser (HO)
) (/usr/share/texlive/texmf-dist/tex/generic/kvdefinekeys/kvdefinekeys.sty
Package: kvdefinekeys 2019-12-19 v1.6 Define keys (HO)
) (/usr/share/texlive/texmf-dist/tex/latex/hycolor/hycolor.sty
Package: hycolor 2020-01-27 v1.10 Color options for hyperref/bookmark (HO)
) (/usr/share/texlive/texmf-dist/tex/latex/hyperref/nameref.sty
Package: nameref 2025-06-21 v2.57 Cross-referencing by name of section
 (/usr/share/texlive/texmf-dist/tex/latex/refcount/refcount.sty
Package: refcount 2019/12/15 v3.6 Data extraction from label references (HO)
) (/usr/share/texlive/texmf-dist/tex/generic/gettitlestring/gettitlestring.sty
Package: gettitlestring 2019/12/15 v1.6 Cleanup title references (HO)
 (/usr/share/texlive/texmf-dist/tex/latex/kvoptions/kvoptions.sty
Package: kvoptions 2022-06-15 v3.15 Key value format for package options (HO)
))
\c@section@level=\count360
)
\@linkdim=\dimen299
\Hy@linkcounter=\count361
\Hy@pagecounter=\count362
 (/usr/share/texlive/texmf-dist/tex/latex/hyperref/pd1enc.def
File: pd1enc.def 2025-07-12 v7.01o Hyperref: PDFDocEncoding definition (HO)
Now handling font encoding PD1 ...
... no UTF-8 mapping file for font encoding PD1
) (/usr/share/texlive/texmf-dist/tex/generic/intcalc/intcalc.sty
Package: intcalc 2019/12/15 v1.3 Expandable calculations with integers (HO)
)
\Hy@SavedSpaceFactor=\count363
 (/usr/share/texlive/texmf-dist/tex/latex/hyperref/puenc.def
File: puenc.def 2025-07-12 v7.01o Hyperref: PDF Unicode definition (HO)
Now handling font encoding PU ...
... no UTF-8 mapping file for font encoding PU
)
Package hyperref Info: Hyper figures OFF on input line 4195.
Package hyperref Info: Link nesting OFF on input line 4200.
Package hyperref Info: Hyper index ON on input line 4203.
Package hyperref Info: Plain pages OFF on input line 4210.
Package hyperref Info: Backreferencing OFF on input line 4215.
Package hyperref Info: Implicit mode ON; LaTeX internals redefined.
Package hyperref Info: Bookmarks ON on input line 4462.
\c@Hy@tempcnt=\count364
 (/usr/share/texlive/texmf-dist/tex/latex/url/url.sty
\Urlmuskip=\muskip18
Package: url 2013/09/16  ver 3.4  Verb mode for urls, etc.
)
LaTeX Info: Redefining \url on input line 4801.
\XeTeXLinkMargin=\dimen300
 (/usr/share/texlive/texmf-dist/tex/generic/bitset/bitset.sty
Package: bitset 2019/12/09 v1.3 Handle bit-vector datatype (HO)
 (/usr/share/texlive/texmf-dist/tex/generic/bigintcalc/bigintcalc.sty
Package: bigintcalc 2019/12/15 v1.5 Expandable calculations on big integers (HO)
))
\Fld@menulength=\count365
\Field@Width=\dimen301
\Fld@charsize=\dimen302
Package hyperref Info: Hyper figures OFF on input line 6078.
Package hyperref Info: Link nesting OFF on input line 6083.
Package hyperref Info: Hyper index ON on input line 6086.
Package hyperref Info: backreferencing OFF on input line 6093.
Package hyperref Info: Link coloring OFF on input line 6098.
Package hyperref Info: Link coloring with OCG OFF on input line 6103.
Package hyperref Info: PDF/A mode OFF on input line 6108.
\Hy@abspage=\count366
\c@Item=\count367
\c@Hfootnote=\count368
)
Package hyperref Info: Driver (autodetected): hpdftex.
 (/usr/share/texlive/texmf-dist/tex/latex/hyperref/hpdftex.def
File: hpdftex.def 2025-07-12 v7.01o Hyperref driver for pdfTeX
\Fld@listcount=\count369
\c@bookmark@seq@number=\count370
 (/usr/share/texlive/texmf-dist/tex/latex/rerunfilecheck/rerunfilecheck.sty
Package: rerunfilecheck 2025-06-21 v1.11 Rerun checks for auxiliary files (HO)
 (/usr/share/texlive/texmf-dist/tex/generic/uniquecounter/uniquecounter.sty
Package: uniquecounter 2019/12/15 v1.4 Provide unlimited unique counter (HO)
)
Package uniquecounter Info: New unique counter `rerunfilecheck' on input line 284.
)
\Hy@SectionHShift=\skip74
) (/usr/share/texlive/texmf-dist/tex/latex/bookmark/bookmark.sty
Package: bookmark 2023-12-10 v1.31 PDF bookmarks (HO)
 (/usr/share/texlive/texmf-dist/tex/latex/bookmark/bkm-pdftex.def
File: bkm-pdftex.def 2023-12-10 v1.31 bookmark driver for pdfTeX and luaTeX (HO)
\BKM@id=\count371
))
Package hyperref Info: Option `bookmarksnumbered' set `false' on input line 29.
\galmaxh=\skip75
Package csquotes Info: Checking for multilingual support...
Package csquotes Info: ... none found.
LaTeX Font Info:    Trying to load font information for T1+Roboto-LF on input line 82.
 (/usr/share/texlive/texmf-dist/tex/latex/roboto/T1Roboto-LF.fd
File: T1Roboto-LF.fd 2019/12/11 (autoinst) Font definitions for T1/Roboto-LF.
)
LaTeX Font Info:    Font shape `T1/Roboto-LF/m/n' aliased to
(Font)              `T1/Roboto-LF/regular/n' on input line 82.
LaTeX Font Info:    Font shape `T1/Roboto-LF/regular/n' will be
(Font)              scaled to size 10.95pt on input line 82.

No file dscjisu_report_21_26.aux.
\openout1 = `dscjisu_report_21_26.aux'.

LaTeX Font Info:    Checking defaults for OML/cmm/m/it on input line 82.
LaTeX Font Info:    ... okay on input line 82.
LaTeX Font Info:    Checking defaults for OMS/cmsy/m/n on input line 82.
LaTeX Font Info:    ... okay on input line 82.
LaTeX Font Info:    Checking defaults for OT1/cmr/m/n on input line 82.
LaTeX Font Info:    ... okay on input line 82.
LaTeX Font Info:    Checking defaults for T1/cmr/m/n on input line 82.
LaTeX Font Info:    ... okay on input line 82.
LaTeX Font Info:    Checking defaults for TS1/cmr/m/n on input line 82.
LaTeX Font Info:    ... okay on input line 82.
LaTeX Font Info:    Checking defaults for OMX/cmex/m/n on input line 82.
LaTeX Font Info:    ... okay on input line 82.
LaTeX Font Info:    Checking defaults for U/cmr/m/n on input line 82.
LaTeX Font Info:    ... okay on input line 82.
LaTeX Font Info:    Checking defaults for PD1/pdf/m/n on input line 82.
LaTeX Font Info:    ... okay on input line 82.
LaTeX Font Info:    Checking defaults for PU/pdf/m/n on input line 82.
LaTeX Font Info:    ... okay on input line 82.
\c@mv@tabular=\count372
\c@mv@boldtabular=\count373
*geometry* driver: auto-detecting
*geometry* detected driver: pdftex
*geometry* verbose mode - [ preamble ] result:
* driver: pdftex
* paper: a4paper
* layout: <same size as paper>
* layoutoffset:(h,v)=(0.0pt,0.0pt)
* modes: 
* h-part:(L,W,R)=(56.9055pt, 483.69687pt, 56.9055pt)
* v-part:(T,H,B)=(68.28644pt, 714.16444pt, 62.59596pt)
* \paperwidth=597.50787pt
* \paperheight=845.04684pt
* \textwidth=483.69687pt
* \textheight=714.16444pt
* \oddsidemargin=-15.36449pt
* \evensidemargin=-15.36449pt
* \topmargin=-29.98355pt
* \headheight=12.0pt
* \headsep=14.0pt
* \topskip=11.0pt
* \footskip=30.0pt
* \marginparwidth=50.0pt
* \marginparsep=10.0pt
* \columnsep=10.0pt
* \skip\footins=10.0pt plus 4.0pt minus 2.0pt
* \hoffset=0.0pt
* \voffset=0.0pt
* \mag=1000
* \@twocolumnfalse
* \@twosidefalse
* \@mparswitchfalse
* \@reversemarginfalse
* (1in=72.27pt=25.4mm, 1cm=28.453pt)

(/usr/share/texlive/texmf-dist/tex/context/base/mkii/supp-pdf.mkii
[Loading MPS to PDF converter (version 2006.09.02).]
\scratchcounter=\count374
\scratchdimen=\dimen303
\scratchbox=\box130
\nofMPsegments=\count375
\nofMParguments=\count376
\everyMPshowfont=\toks52
\MPscratchCnt=\count377
\MPscratchDim=\dimen304
\MPnumerator=\count378
\makeMPintoPDFobject=\count379
\everyMPtoPDFconversion=\toks53
) (/usr/share/texlive/texmf-dist/tex/latex/epstopdf-pkg/epstopdf-base.sty
Package: epstopdf-base 2020-01-24 v2.11 Base part for package epstopdf
Package epstopdf-base Info: Redefining graphics rule for `.eps' on input line 485.
 (/usr/share/texlive/texmf-dist/tex/latex/latexconfig/epstopdf-sys.cfg
File: epstopdf-sys.cfg 2010/07/13 v1.3 Configuration of (r)epstopdf for TeX Live
))
\c@lstlisting=\count380
Package hyperref Info: Link coloring OFF on input line 82.
<assets/brand/banner_cover.png, id=43, 1780.6525pt x 602.25pt>
File: assets/brand/banner_cover.png Graphic file (type png)
<use assets/brand/banner_cover.png>
Package pdftex.def Info: assets/brand/banner_cover.png  used on input line 87.
(pdftex.def)             Requested size: 597.50787pt x 202.08812pt.
<assets/brand/profile_dscjisu_native.png, id=44, 1258.7025pt x 1258.7025pt>
File: assets/brand/profile_dscjisu_native.png Graphic file (type png)
<use assets/brand/profile_dscjisu_native.png>
Package pdftex.def Info: assets/brand/profile_dscjisu_native.png  used on input line 91.
(pdftex.def)             Requested size: 65.44142pt x 65.43561pt.
LaTeX Font Info:    Font shape `T1/Roboto-LF/m/n' aliased to
(Font)              `T1/Roboto-LF/regular/n' on input line 92.
LaTeX Font Info:    Font shape `T1/Roboto-LF/regular/n' will be
(Font)              scaled to size 12.0pt on input line 92.
LaTeX Font Info:    Font shape `T1/Roboto-LF/m/n' aliased to
(Font)              `T1/Roboto-LF/regular/n' on input line 95.
LaTeX Font Info:    Font shape `T1/Roboto-LF/regular/n' will be
(Font)              scaled to size 37.0pt on input line 95.
LaTeX Font Info:    Font shape `T1/Roboto-LF/b/n' aliased to
(Font)              `T1/Roboto-LF/bold/n' on input line 95.
LaTeX Font Info:    Font shape `T1/Roboto-LF/bold/n' will be
(Font)              scaled to size 37.0pt on input line 95.
LaTeX Font Info:    Font shape `T1/Roboto-LF/m/n' aliased to
(Font)              `T1/Roboto-LF/regular/n' on input line 96.
LaTeX Font Info:    Font shape `T1/Roboto-LF/regular/n' will be
(Font)              scaled to size 14.4pt on input line 96.
LaTeX Font Info:    Font shape `T1/Roboto-LF/b/n' aliased to
(Font)              `T1/Roboto-LF/bold/n' on input line 96.
LaTeX Font Info:    Font shape `T1/Roboto-LF/bold/n' will be
(Font)              scaled to size 14.4pt on input line 96.
LaTeX Font Info:    Trying to load font information for TS1+Roboto-LF on input line 96.
 (/usr/share/texlive/texmf-dist/tex/latex/roboto/TS1Roboto-LF.fd
File: TS1Roboto-LF.fd 2019/12/11 (autoinst) Font definitions for TS1/Roboto-LF.
)
LaTeX Font Info:    Font shape `TS1/Roboto-LF/b/n' aliased to
(Font)              `TS1/Roboto-LF/bold/n' on input line 96.
LaTeX Font Info:    Font shape `TS1/Roboto-LF/bold/n' will be
(Font)              scaled to size 14.4pt on input line 96.
LaTeX Font Info:    Font shape `T1/Roboto-LF/m/n' aliased to
(Font)              `T1/Roboto-LF/regular/n' on input line 102.
LaTeX Font Info:    Font shape `T1/Roboto-LF/regular/n' will be
(Font)              scaled to size 9.0pt on input line 102.
LaTeX Font Info:    Font shape `T1/Roboto-LF/m/sc' aliased to
(Font)              `T1/Roboto-LF/regular/sc' on input line 102.
LaTeX Font Info:    Font shape `T1/Roboto-LF/regular/sc' will be
(Font)              scaled to size 9.0pt on input line 102.
LaTeX Font Info:    Font shape `T1/Roboto-LF/b/n' aliased to
(Font)              `T1/Roboto-LF/bold/n' on input line 103.
LaTeX Font Info:    Font shape `T1/Roboto-LF/bold/n' will be
(Font)              scaled to size 12.0pt on input line 103.
LaTeX Font Info:    Font shape `T1/Roboto-LF/m/n' aliased to
(Font)              `T1/Roboto-LF/regular/n' on input line 104.
LaTeX Font Info:    Font shape `T1/Roboto-LF/regular/n' will be
(Font)              scaled to size 10.0pt on input line 104.
LaTeX Font Info:    Font shape `TS1/Roboto-LF/m/n' aliased to
(Font)              `TS1/Roboto-LF/regular/n' on input line 105.
LaTeX Font Info:    Font shape `TS1/Roboto-LF/regular/n' will be
(Font)              scaled to size 10.0pt on input line 105.

Underfull \hbox (badness 1789) in paragraph at lines 102--110
[]\T1/Roboto-LF/regular/n/10 Organiser, GDG on Cam-pus JIS Uni-ver-sity (2025^^U26) \TS1/Roboto-LF/regular/n/10 · \T1/Roboto-LF/regular/n/10 Roll No.
 []

[1

{/var/lib/texmf/fonts/map/pdftex/updmap/pdftex.map}{/usr/share/texlive/texmf-dist/fonts/enc/dvips/roboto/rbto_b5rac7.enc}{/usr/share/texlive/texmf-dist/fonts/enc/dvips/roboto/rbto_ocbbsb.enc}{/usr/share/texlive/texmf-dist/fonts/enc/dvips/roboto/rbto_shbyjm.enc} <./assets/brand/banner_cover.png> <./assets/brand/profile_dscjisu_native.png>]
Underfull \hbox (badness 10000) in paragraph at lines 118--119

 []

LaTeX Font Info:    Font shape `T1/Roboto-LF/b/n' aliased to
(Font)              `T1/Roboto-LF/bold/n' on input line 120.
LaTeX Font Info:    Font shape `T1/Roboto-LF/bold/n' will be
(Font)              scaled to size 10.95pt on input line 120.
LaTeX Font Info:    Font shape `T1/Roboto-LF/m/it' aliased to
(Font)              `T1/Roboto-LF/regular/it' on input line 120.
LaTeX Font Info:    Font shape `T1/Roboto-LF/regular/it' will be
(Font)              scaled to size 10.95pt on input line 120.

Overfull \hbox (10.21043pt too wide) in paragraph at lines 127--132
\T1/Roboto-LF/regular/n/10.95 ses-sions and study jams. Be-yond the tech-ni-cal, we in-vest in peer men-tor-ship, team-work and community-
 []

LaTeX Font Info:    Trying to load font information for U+fontawesomefree0 on input line 146.
(/usr/share/texlive/texmf-dist/tex/latex/fontawesome5/ufontawesomefree0.fd)
LaTeX Font Info:    Font shape `T1/Roboto-LF/b/n' aliased to
(Font)              `T1/Roboto-LF/bold/n' on input line 155.
LaTeX Font Info:    Font shape `T1/Roboto-LF/bold/n' will be
(Font)              scaled to size 9.0pt on input line 155.
LaTeX Font Info:    Font shape `TS1/Roboto-LF/m/n' aliased to
(Font)              `TS1/Roboto-LF/regular/n' on input line 159.
LaTeX Font Info:    Font shape `TS1/Roboto-LF/regular/n' will be
(Font)              scaled to size 9.0pt on input line 159.
 [2

{/usr/share/texlive/texmf-dist/fonts/enc/dvips/fontawesome5/fa5free0.enc}]
LaTeX Font Info:    Font shape `T1/Roboto-LF/m/n' aliased to
(Font)              `T1/Roboto-LF/regular/n' on input line 166.
LaTeX Font Info:    Font shape `T1/Roboto-LF/regular/n' will be
(Font)              scaled to size 25.0pt on input line 166.
LaTeX Font Info:    Font shape `T1/Roboto-LF/b/n' aliased to
(Font)              `T1/Roboto-LF/bold/n' on input line 166.
LaTeX Font Info:    Font shape `T1/Roboto-LF/bold/n' will be
(Font)              scaled to size 25.0pt on input line 166.
LaTeX Font Info:    Trying to load font information for U+fontawesomefree2 on input line 166.
 (/usr/share/texlive/texmf-dist/tex/latex/fontawesome5/ufontawesomefree2.fd)
LaTeX Font Info:    Trying to load font information for U+fontawesomefree3 on input line 166.
 (/usr/share/texlive/texmf-dist/tex/latex/fontawesome5/ufontawesomefree3.fd)
LaTeX Font Info:    Font shape `T1/Roboto-LF/b/n' aliased to
(Font)              `T1/Roboto-LF/bold/n' on input line 166.
LaTeX Font Info:    Font shape `T1/Roboto-LF/bold/n' will be
(Font)              scaled to size 10.0pt on input line 166.
LaTeX Font Info:    Font shape `T1/Roboto-LF/m/n' aliased to
(Font)              `T1/Roboto-LF/regular/n' on input line 170.
LaTeX Font Info:    Font shape `T1/Roboto-LF/regular/n' will be
(Font)              scaled to size 8.0pt on input line 170.
LaTeX Font Info:    Font shape `T1/Roboto-LF/m/it' aliased to
(Font)              `T1/Roboto-LF/regular/it' on input line 175.
LaTeX Font Info:    Font shape `T1/Roboto-LF/regular/it' will be
(Font)              scaled to size 9.0pt on input line 175.
 [3

{/usr/share/texlive/texmf-dist/fonts/enc/dvips/fontawesome5/fa5free2.enc}{/usr/share/texlive/texmf-dist/fonts/enc/dvips/fontawesome5/fa5free3.enc}]
Overfull \hbox (2.94241pt too wide) in paragraph at lines 191--192
[]\T1/Roboto-LF/regular/n/10 The largest sea-son on record ^^V na-tional hackathons, Hack-to-ber-fest, GSoC prepa-ra-tion, live CTF and system-
 []

[4

]
No file dscjisu_report_21_26.toc.
\tf@toc=\write4
\openout4 = `dscjisu_report_21_26.toc'.

[5

]
LaTeX Font Info:    Font shape `T1/Roboto-LF/m/n' aliased to
(Font)              `T1/Roboto-LF/regular/n' on input line 214.
LaTeX Font Info:    Font shape `T1/Roboto-LF/regular/n' will be
(Font)              scaled to size 17.28pt on input line 214.
LaTeX Font Info:    Font shape `T1/Roboto-LF/b/n' aliased to
(Font)              `T1/Roboto-LF/bold/n' on input line 214.
LaTeX Font Info:    Font shape `T1/Roboto-LF/bold/n' will be
(Font)              scaled to size 17.28pt on input line 214.
 (/usr/share/texlive/texmf-dist/tex/latex/fontawesome5/ufontawesomefree1.fd)
<assets/gallery/01/img-01.jpg, id=86, 454.99564pt x 557.80225pt>
File: assets/gallery/01/img-01.jpg Graphic file (type jpg)
<use assets/gallery/01/img-01.jpg>
Package pdftex.def Info: assets/gallery/01/img-01.jpg  used on input line 231.
(pdftex.def)             Requested size: 174.0665pt x 213.39696pt.
<assets/gallery/01/img-02.jpg, id=87, 563.90958pt x 562.8917pt>
File: assets/gallery/01/img-02.jpg Graphic file (type jpg)
<use assets/gallery/01/img-02.jpg>
Package pdftex.def Info: assets/gallery/01/img-02.jpg  used on input line 231.
(pdftex.def)             Requested size: 213.7802pt x 213.3943pt.

Underfull \hbox (badness 10000) in paragraph at lines 241--245

 []

<assets/gallery/02/img-01.jpg, id=88, 560.85591pt x 274.82957pt>
File: assets/gallery/02/img-01.jpg Graphic file (type jpg)
<use assets/gallery/02/img-01.jpg>
Package pdftex.def Info: assets/gallery/02/img-01.jpg  used on input line 245.
(pdftex.def)             Requested size: 278.2621pt x 136.35347pt.

Overfull \hbox (1.20438pt too wide) in paragraph at lines 245--245
[][][][] 
 []

[6


{/usr/share/texlive/texmf-dist/fonts/enc/dvips/fontawesome5/fa5free1.enc} <./assets/gallery/01/img-01.jpg> <./assets/gallery/01/img-02.jpg>]
<assets/gallery/03/img-01.jpg, id=97, 564.92746pt x 538.46239pt>
File: assets/gallery/03/img-01.jpg Graphic file (type jpg)
<use assets/gallery/03/img-01.jpg>
Package pdftex.def Info: assets/gallery/03/img-01.jpg  used on input line 259.
(pdftex.def)             Requested size: 217.66583pt x 207.46887pt.

Overfull \hbox (1.1945pt too wide) in paragraph at lines 259--259
 [][][][] 
 []

<assets/gallery/03/img-02.jpg, id=98, 560.85591pt x 237.16774pt>
File: assets/gallery/03/img-02.jpg Graphic file (type jpg)
<use assets/gallery/03/img-02.jpg>
Package pdftex.def Info: assets/gallery/03/img-02.jpg  used on input line 259.
(pdftex.def)             Requested size: 217.67174pt x 92.0463pt.

Overfull \hbox (1.20041pt too wide) in paragraph at lines 259--259
 [][][][] 
 []

[7 <./assets/gallery/02/img-01.jpg>] [8 <./assets/gallery/03/img-01.jpg> <./assets/gallery/03/img-02.jpg>]
<assets/gallery/04/img-01.jpg, id=109, 553.7307pt x 524.21198pt>
File: assets/gallery/04/img-01.jpg Graphic file (type jpg)
<use assets/gallery/04/img-01.jpg>
Package pdftex.def Info: assets/gallery/04/img-01.jpg  used on input line 288.
(pdftex.def)             Requested size: 217.6693pt x 206.0656pt.

Overfull \hbox (1.19797pt too wide) in paragraph at lines 288--288
 [][][][] 
 []

<assets/gallery/04/img-02.jpg, id=110, 547.62338pt x 521.15831pt>
File: assets/gallery/04/img-02.jpg Graphic file (type jpg)
<use assets/gallery/04/img-02.jpg>
Package pdftex.def Info: assets/gallery/04/img-02.jpg  used on input line 288.
(pdftex.def)             Requested size: 217.67508pt x 207.15546pt.

Overfull \hbox (1.20375pt too wide) in paragraph at lines 288--288
 [][][][] 
 []


Underfull \hbox (badness 10000) in paragraph at lines 298--302

 []

<assets/gallery/05/img-01.jpg, id=111, 551.69493pt x 553.7307pt>
File: assets/gallery/05/img-01.jpg Graphic file (type jpg)
<use assets/gallery/05/img-01.jpg>
Package pdftex.def Info: assets/gallery/05/img-01.jpg  used on input line 302.
(pdftex.def)             Requested size: 212.60944pt x 213.39398pt.
[9

 <./assets/gallery/04/img-01.jpg> <./assets/gallery/04/img-02.jpg>]
<assets/gallery/06/img-01.jpg, id=119, 505.89pt x 513.01521pt>
File: assets/gallery/06/img-01.jpg Graphic file (type jpg)
<use assets/gallery/06/img-01.jpg>
Package pdftex.def Info: assets/gallery/06/img-01.jpg  used on input line 316.
(pdftex.def)             Requested size: 210.43446pt x 213.39833pt.
<assets/gallery/06/img-02.jpg, id=120, 529.3014pt x 519.12253pt>
File: assets/gallery/06/img-02.jpg Graphic file (type jpg)
<use assets/gallery/06/img-02.jpg>
Package pdftex.def Info: assets/gallery/06/img-02.jpg  used on input line 316.
(pdftex.def)             Requested size: 217.58032pt x 213.39609pt.

Overfull \hbox (1.109pt too wide) in paragraph at lines 316--316
 [][][][] 
 []

[10 <./assets/gallery/05/img-01.jpg>]
<assets/gallery/07/img-01.jpg, id=126, 491.63957pt x 501.81845pt>
File: assets/gallery/07/img-01.jpg Graphic file (type jpg)
<use assets/gallery/07/img-01.jpg>
Package pdftex.def Info: assets/gallery/07/img-01.jpg  used on input line 330.
(pdftex.def)             Requested size: 209.06783pt x 213.39635pt.
<assets/gallery/07/img-02.jpg, id=127, 509.96155pt x 538.46239pt>
File: assets/gallery/07/img-02.jpg Graphic file (type jpg)
<use assets/gallery/07/img-02.jpg>
Package pdftex.def Info: assets/gallery/07/img-02.jpg  used on input line 330.
(pdftex.def)             Requested size: 202.0979pt x 213.39279pt.
 [11 <./assets/gallery/06/img-01.jpg> <./assets/gallery/06/img-02.jpg>]
<assets/gallery/08/img-01.jpg, id=133, 477.38916pt x 501.81845pt>
File: assets/gallery/08/img-01.jpg Graphic file (type jpg)
<use assets/gallery/08/img-01.jpg>
Package pdftex.def Info: assets/gallery/08/img-01.jpg  used on input line 344.
(pdftex.def)             Requested size: 203.00789pt x 213.39635pt.
<assets/gallery/08/img-02.jpg, id=134, 560.85591pt x 555.76648pt>
File: assets/gallery/08/img-02.jpg Graphic file (type jpg)
<use assets/gallery/08/img-02.jpg>
Package pdftex.def Info: assets/gallery/08/img-02.jpg  used on input line 344.
(pdftex.def)             Requested size: 215.35252pt x 213.39833pt.
 [12 <./assets/gallery/07/img-01.jpg> <./assets/gallery/07/img-02.jpg>] [13 <./assets/gallery/08/img-01.jpg> <./assets/gallery/08/img-02.jpg>]
<assets/gallery/09/img-01.jpg, id=145, 311.47353pt x 358.29634pt>
File: assets/gallery/09/img-01.jpg Graphic file (type jpg)
<use assets/gallery/09/img-01.jpg>
Package pdftex.def Info: assets/gallery/09/img-01.jpg  used on input line 373.
(pdftex.def)             Requested size: 185.51201pt x 213.39944pt.
<assets/gallery/09/img-02.jpg, id=146, 302.31253pt x 511.99733pt>
File: assets/gallery/09/img-02.jpg Graphic file (type jpg)
<use assets/gallery/09/img-02.jpg>
Package pdftex.def Info: assets/gallery/09/img-02.jpg  used on input line 373.
(pdftex.def)             Requested size: 126.00168pt x 213.39679pt.

Underfull \hbox (badness 10000) in paragraph at lines 383--387

 []

<assets/gallery/10/img-01.jpg, id=147, 493.67535pt x 439.72733pt>
File: assets/gallery/10/img-01.jpg Graphic file (type jpg)
<use assets/gallery/10/img-01.jpg>
Package pdftex.def Info: assets/gallery/10/img-01.jpg  used on input line 387.
(pdftex.def)             Requested size: 239.57538pt x 213.39497pt.
[14

 <./assets/gallery/09/img-01.jpg> <./assets/gallery/09/img-02.jpg>]
Underfull \hbox (badness 10000) in paragraph at lines 397--401

 []

<assets/gallery/11/img-01.jpg, id=155, 551.69493pt x 541.51605pt>
File: assets/gallery/11/img-01.jpg Graphic file (type jpg)
<use assets/gallery/11/img-01.jpg>
Package pdftex.def Info: assets/gallery/11/img-01.jpg  used on input line 401.
(pdftex.def)             Requested size: 217.4078pt x 213.39659pt.
[15 <./assets/gallery/10/img-01.jpg>]
Underfull \hbox (badness 10000) in paragraph at lines 411--415

 []

<assets/gallery/12/img-01.jpg, id=161, 1017.88733pt x 1017.88733pt>
File: assets/gallery/12/img-01.jpg Graphic file (type jpg)
<use assets/gallery/12/img-01.jpg>
Package pdftex.def Info: assets/gallery/12/img-01.jpg  used on input line 415.
(pdftex.def)             Requested size: 213.38988pt x 213.38988pt.
[16 <./assets/gallery/11/img-01.jpg>]
Underfull \hbox (badness 10000) in paragraph at lines 439--443

 []

<assets/gallery/14/img-01.jpg, id=167, 1017.88733pt x 1017.88733pt>
File: assets/gallery/14/img-01.jpg Graphic file (type jpg)
<use assets/gallery/14/img-01.jpg>
Package pdftex.def Info: assets/gallery/14/img-01.jpg  used on input line 443.
(pdftex.def)             Requested size: 213.38988pt x 213.38988pt.
[17{/usr/share/texmf/fonts/enc/dvips/cm-super/cm-super-t1.enc} <./assets/gallery/12/img-01.jpg>]
Underfull \hbox (badness 10000) in paragraph at lines 453--457

 []

<assets/gallery/15/img-01.jpg, id=175, 1017.88733pt x 1017.88733pt>
File: assets/gallery/15/img-01.jpg Graphic file (type jpg)
<use assets/gallery/15/img-01.jpg>
Package pdftex.def Info: assets/gallery/15/img-01.jpg  used on input line 457.
(pdftex.def)             Requested size: 213.38988pt x 213.38988pt.
[18 <./assets/gallery/14/img-01.jpg>] [19 <./assets/gallery/15/img-01.jpg>]
Underfull \hbox (badness 1048) in paragraph at lines 482--486
[]\T1/Roboto-LF/regular/n/10 A two-day, on-site hackathon that served as the in-ter-nal nom-i-na-tion round for the Smart In-dia
 []


Underfull \hbox (badness 10000) in paragraph at lines 482--486

 []

<assets/gallery/16/img-01.jpg, id=186, 1221.46478pt x 916.09859pt>
File: assets/gallery/16/img-01.jpg Graphic file (type jpg)
<use assets/gallery/16/img-01.jpg>
Package pdftex.def Info: assets/gallery/16/img-01.jpg  used on input line 486.
(pdftex.def)             Requested size: 278.24712pt x 208.68533pt.

Overfull \hbox (1.18939pt too wide) in paragraph at lines 486--486
[][][][] 
 []

LaTeX Font Info:    Font shape `T1/Roboto-LF/m/it' aliased to
(Font)              `T1/Roboto-LF/regular/it' on input line 491.
LaTeX Font Info:    Font shape `T1/Roboto-LF/regular/it' will be
(Font)              scaled to size 8.0pt on input line 491.
LaTeX Font Info:    Font shape `TS1/Roboto-LF/m/it' aliased to
(Font)              `TS1/Roboto-LF/regular/it' on input line 491.
LaTeX Font Info:    Font shape `TS1/Roboto-LF/regular/it' will be
(Font)              scaled to size 8.0pt on input line 491.

Underfull \hbox (badness 10000) in paragraph at lines 489--494

 []

[20

{/usr/share/texlive/texmf-dist/fonts/enc/dvips/roboto/rbto_hlrajr.enc} <./assets/gallery/16/img-01.jpg>]
Underfull \hbox (badness 10000) in paragraph at lines 649--653

 []

<assets/gallery/17/img-01.jpg, id=196, 1221.46478pt x 916.09859pt>
File: assets/gallery/17/img-01.jpg Graphic file (type jpg)
<use assets/gallery/17/img-01.jpg>
Package pdftex.def Info: assets/gallery/17/img-01.jpg  used on input line 653.
(pdftex.def)             Requested size: 278.24712pt x 208.68533pt.

Overfull \hbox (1.18939pt too wide) in paragraph at lines 653--653
[][][][] 
 []

[21]
Underfull \hbox (badness 10000) in paragraph at lines 656--661

 []


Underfull \hbox (badness 10000) in paragraph at lines 713--717

 []

<assets/gallery/18/img-01.jpg, id=202, 1221.46478pt x 916.09859pt>
File: assets/gallery/18/img-01.jpg Graphic file (type jpg)
<use assets/gallery/18/img-01.jpg>
Package pdftex.def Info: assets/gallery/18/img-01.jpg  used on input line 717.
(pdftex.def)             Requested size: 278.24712pt x 208.68533pt.

Overfull \hbox (1.18939pt too wide) in paragraph at lines 717--717
[][][][] 
 []

[22 <./assets/gallery/17/img-01.jpg>]
Underfull \hbox (badness 10000) in paragraph at lines 720--725

 []

[23 <./assets/gallery/18/img-01.jpg>]
Underfull \hbox (badness 10000) in paragraph at lines 795--799

 []

<assets/gallery/19/img-01.jpg, id=212, 1003.75pt x 1003.75pt>
File: assets/gallery/19/img-01.jpg Graphic file (type jpg)
<use assets/gallery/19/img-01.jpg>
Package pdftex.def Info: assets/gallery/19/img-01.jpg  used on input line 799.
(pdftex.def)             Requested size: 213.39743pt x 213.39743pt.

Underfull \hbox (badness 10000) in paragraph at lines 802--807

 []


Overfull \vbox (8.00061pt too high) has occurred while \output is active []


Overfull \vbox (8.00061pt too high) has occurred while \output is active []


Overfull \vbox (8.00061pt too high) has occurred while \output is active []

 [24 <./assets/gallery/19/img-01.jpg>]
Underfull \hbox (badness 10000) in paragraph at lines 847--851

 []

<assets/gallery/20/img-01.jpg, id=218, 1221.46478pt x 654.50156pt>
File: assets/gallery/20/img-01.jpg Graphic file (type jpg)
<use assets/gallery/20/img-01.jpg>
Package pdftex.def Info: assets/gallery/20/img-01.jpg  used on input line 851.
(pdftex.def)             Requested size: 278.24712pt x 149.09407pt.

Overfull \hbox (1.18939pt too wide) in paragraph at lines 851--851
[][][][] 
 []


Underfull \hbox (badness 10000) in paragraph at lines 854--859

 []


Underfull \hbox (badness 10000) in paragraph at lines 899--903

 []

<assets/gallery/21/img-01.jpg, id=219, 765.45126pt x 687.07394pt>
File: assets/gallery/21/img-01.jpg Graphic file (type jpg)
<use assets/gallery/21/img-01.jpg>
Package pdftex.def Info: assets/gallery/21/img-01.jpg  used on input line 903.
(pdftex.def)             Requested size: 237.73128pt x 213.3891pt.
[25 <./assets/gallery/20/img-01.jpg>]
Underfull \hbox (badness 10000) in paragraph at lines 906--911

 []


Underfull \hbox (badness 10000) in paragraph at lines 951--955

 []

<assets/gallery/22/img-01.jpg, id=227, 977.17183pt x 1107.46141pt>
File: assets/gallery/22/img-01.jpg Graphic file (type jpg)
<use assets/gallery/22/img-01.jpg>
Package pdftex.def Info: assets/gallery/22/img-01.jpg  used on input line 955.
(pdftex.def)             Requested size: 188.2888pt x 213.39398pt.
[26 <./assets/gallery/21/img-01.jpg>]
Underfull \hbox (badness 10000) in paragraph at lines 958--963

 []

<assets/gallery/23/img-01.jpg, id=233, 531.33719pt x 531.33719pt>
File: assets/gallery/23/img-01.jpg Graphic file (type jpg)
<use assets/gallery/23/img-01.jpg>
Package pdftex.def Info: assets/gallery/23/img-01.jpg  used on input line 999.
(pdftex.def)             Requested size: 213.39862pt x 213.39862pt.
<assets/gallery/23/img-03.jpg, id=234, 680.96661pt x 680.96661pt>
File: assets/gallery/23/img-03.jpg Graphic file (type jpg)
<use assets/gallery/23/img-03.jpg>
Package pdftex.def Info: assets/gallery/23/img-03.jpg  used on input line 999.
(pdftex.def)             Requested size: 213.39381pt x 213.39381pt.
<assets/gallery/23/img-02.jpg, id=235, 547.62338pt x 547.62338pt>
File: assets/gallery/23/img-02.jpg Graphic file (type jpg)
<use assets/gallery/23/img-02.jpg>
Package pdftex.def Info: assets/gallery/23/img-02.jpg  used on input line 999.
(pdftex.def)             Requested size: 213.39677pt x 213.39677pt.
<assets/gallery/23/img-04.jpg, id=236, 652.46577pt x 652.46577pt>
File: assets/gallery/23/img-04.jpg Graphic file (type jpg)
<use assets/gallery/23/img-04.jpg>
Package pdftex.def Info: assets/gallery/23/img-04.jpg  used on input line 999.
(pdftex.def)             Requested size: 213.3929pt x 213.3929pt.
[27 <./assets/gallery/22/img-01.jpg>]
Underfull \hbox (badness 10000) in paragraph at lines 1002--1007

 []

[28 <./assets/gallery/23/img-01.jpg> <./assets/gallery/23/img-03.jpg> <./assets/gallery/23/img-02.jpg> <./assets/gallery/23/img-04.jpg>]
Underfull \hbox (badness 10000) in paragraph at lines 1105--1109

 []

<assets/gallery/24/img-01.jpg, id=246, 637.19746pt x 287.04422pt>
File: assets/gallery/24/img-01.jpg Graphic file (type jpg)
<use assets/gallery/24/img-01.jpg>
Package pdftex.def Info: assets/gallery/24/img-01.jpg  used on input line 1109.
(pdftex.def)             Requested size: 278.25789pt x 125.3494pt.

Overfull \hbox (1.20016pt too wide) in paragraph at lines 1109--1109
[][][][] 
 []

[29]
Underfull \hbox (badness 10000) in paragraph at lines 1112--1117

 []


Underfull \hbox (badness 10000) in paragraph at lines 1155--1159

 []

<assets/gallery/25/img-01.jpg, id=252, 1221.46478pt x 916.09859pt>
File: assets/gallery/25/img-01.jpg Graphic file (type jpg)
<use assets/gallery/25/img-01.jpg>
Package pdftex.def Info: assets/gallery/25/img-01.jpg  used on input line 1159.
(pdftex.def)             Requested size: 278.24712pt x 208.68533pt.

Overfull \hbox (1.18939pt too wide) in paragraph at lines 1159--1159
[][][][] 
 []

[30 <./assets/gallery/24/img-01.jpg>]
Underfull \hbox (badness 10000) in paragraph at lines 1162--1167

 []


Underfull \hbox (badness 10000) in paragraph at lines 1192--1196

 []

<assets/gallery/26/img-01.jpg, id=258, 814.30986pt x 814.30986pt>
File: assets/gallery/26/img-01.jpg Graphic file (type jpg)
<use assets/gallery/26/img-01.jpg>
Package pdftex.def Info: assets/gallery/26/img-01.jpg  used on input line 1196.
(pdftex.def)             Requested size: 213.39299pt x 213.39299pt.
[31 <./assets/gallery/25/img-01.jpg>]
Underfull \hbox (badness 10000) in paragraph at lines 1199--1204

 []

<assets/gallery/27/img-01.jpg, id=265, 1221.46478pt x 916.09859pt>
File: assets/gallery/27/img-01.jpg Graphic file (type jpg)
<use assets/gallery/27/img-01.jpg>
Package pdftex.def Info: assets/gallery/27/img-01.jpg  used on input line 1246.
(pdftex.def)             Requested size: 217.65488pt x 163.24117pt.

Overfull \hbox (1.18355pt too wide) in paragraph at lines 1246--1246
 [][][][] 
 []

<assets/gallery/27/img-02.jpg, id=266, 1221.46478pt x 916.09859pt>
File: assets/gallery/27/img-02.jpg Graphic file (type jpg)
<use assets/gallery/27/img-02.jpg>
Package pdftex.def Info: assets/gallery/27/img-02.jpg  used on input line 1246.
(pdftex.def)             Requested size: 217.65488pt x 163.24117pt.

Overfull \hbox (1.18355pt too wide) in paragraph at lines 1246--1246
 [][][][] 
 []

[32 <./assets/gallery/26/img-01.jpg>]
Underfull \hbox (badness 10000) in paragraph at lines 1249--1254

 []


Underfull \hbox (badness 10000) in paragraph at lines 1322--1326

 []

<assets/gallery/28/img-01.jpg, id=272, 1221.46478pt x 553.7307pt>
File: assets/gallery/28/img-01.jpg Graphic file (type jpg)
<use assets/gallery/28/img-01.jpg>
Package pdftex.def Info: assets/gallery/28/img-01.jpg  used on input line 1326.
(pdftex.def)             Requested size: 278.24712pt x 126.13869pt.

Overfull \hbox (1.18939pt too wide) in paragraph at lines 1326--1326
[][][][] 
 []

[33 <./assets/gallery/27/img-01.jpg> <./assets/gallery/27/img-02.jpg>]
Underfull \hbox (badness 10000) in paragraph at lines 1329--1334

 []


Underfull \hbox (badness 10000) in paragraph at lines 1382--1386

 []

<assets/gallery/29/img-01.jpg, id=278, 1017.88733pt x 1017.88733pt>
File: assets/gallery/29/img-01.jpg Graphic file (type jpg)
<use assets/gallery/29/img-01.jpg>
Package pdftex.def Info: assets/gallery/29/img-01.jpg  used on input line 1386.
(pdftex.def)             Requested size: 213.38988pt x 213.38988pt.
[34 <./assets/gallery/28/img-01.jpg>]
Underfull \hbox (badness 10000) in paragraph at lines 1389--1394

 []


Underfull \hbox (badness 10000) in paragraph at lines 1426--1430

 []

<assets/gallery/30/img-01.jpg, id=284, 1221.46478pt x 916.09859pt>
File: assets/gallery/30/img-01.jpg Graphic file (type jpg)
<use assets/gallery/30/img-01.jpg>
Package pdftex.def Info: assets/gallery/30/img-01.jpg  used on input line 1430.
(pdftex.def)             Requested size: 278.24712pt x 208.68533pt.

Overfull \hbox (1.18939pt too wide) in paragraph at lines 1430--1430
[][][][] 
 []

[35 <./assets/gallery/29/img-01.jpg>]
Underfull \hbox (badness 10000) in paragraph at lines 1433--1438

 []

<assets/gallery/31/img-01.jpg, id=290, 1405.25pt x 623.32875pt>
File: assets/gallery/31/img-01.jpg Graphic file (type jpg)
<use assets/gallery/31/img-01.jpg>
Package pdftex.def Info: assets/gallery/31/img-01.jpg  used on input line 1500.
(pdftex.def)             Requested size: 217.6614pt x 96.54837pt.

Overfull \hbox (1.19008pt too wide) in paragraph at lines 1500--1500
 [][][][] 
 []

<assets/gallery/31/img-03.jpg, id=291, 1204.5pt x 1204.5pt>
File: assets/gallery/31/img-03.jpg Graphic file (type jpg)
<use assets/gallery/31/img-03.jpg>
Package pdftex.def Info: assets/gallery/31/img-03.jpg  used on input line 1500.
(pdftex.def)             Requested size: 213.38211pt x 213.38211pt.
<assets/gallery/31/img-02.jpg, id=292, 1204.5pt x 633.36626pt>
File: assets/gallery/31/img-02.jpg Graphic file (type jpg)
<use assets/gallery/31/img-02.jpg>
Package pdftex.def Info: assets/gallery/31/img-02.jpg  used on input line 1500.
(pdftex.def)             Requested size: 217.66446pt x 114.45523pt.

Overfull \hbox (1.19313pt too wide) in paragraph at lines 1500--1500
 [][][][] 
 []

[36 <./assets/gallery/30/img-01.jpg>]
Underfull \hbox (badness 10000) in paragraph at lines 1503--1508

 []


Overfull \vbox (3.90651pt too high) has occurred while \output is active []


Overfull \vbox (12.99852pt too high) has occurred while \output is active []


Overfull \vbox (12.99852pt too high) has occurred while \output is active []

 [37 <./assets/gallery/31/img-01.jpg> <./assets/gallery/31/img-03.jpg> <./assets/gallery/31/img-02.jpg>]
<assets/gallery/32/img-01.jpg, id=303, 1204.5pt x 677.53125pt>
File: assets/gallery/32/img-01.jpg Graphic file (type jpg)
<use assets/gallery/32/img-01.jpg>
Package pdftex.def Info: assets/gallery/32/img-01.jpg  used on input line 1542.
(pdftex.def)             Requested size: 217.66446pt x 122.43625pt.

Overfull \hbox (1.19313pt too wide) in paragraph at lines 1542--1542
 [][][][] 
 []

<assets/gallery/32/img-02.jpg, id=304, 1204.5pt x 902.37125pt>
File: assets/gallery/32/img-02.jpg Graphic file (type jpg)
<use assets/gallery/32/img-02.jpg>
Package pdftex.def Info: assets/gallery/32/img-02.jpg  used on input line 1542.
(pdftex.def)             Requested size: 217.66446pt x 163.06696pt.

Overfull \hbox (1.19313pt too wide) in paragraph at lines 1542--1542
 [][][][] 
 []


Underfull \hbox (badness 10000) in paragraph at lines 1545--1550

 []

<assets/gallery/33/img-01.jpg, id=305, 1204.5pt x 1204.5pt>
File: assets/gallery/33/img-01.jpg Graphic file (type jpg)
<use assets/gallery/33/img-01.jpg>
Package pdftex.def Info: assets/gallery/33/img-01.jpg  used on input line 1594.
(pdftex.def)             Requested size: 213.38211pt x 213.38211pt.
<assets/gallery/33/img-02.jpg, id=306, 1204.5pt x 1204.5pt>
File: assets/gallery/33/img-02.jpg Graphic file (type jpg)
<use assets/gallery/33/img-02.jpg>
Package pdftex.def Info: assets/gallery/33/img-02.jpg  used on input line 1594.
(pdftex.def)             Requested size: 213.38211pt x 213.38211pt.
[38 <./assets/gallery/32/img-01.jpg> <./assets/gallery/32/img-02.jpg>]
Underfull \hbox (badness 10000) in paragraph at lines 1597--1602

 []

<assets/gallery/34/img-01.jpg, id=313, 1204.5pt x 633.36626pt>
File: assets/gallery/34/img-01.jpg Graphic file (type jpg)
<use assets/gallery/34/img-01.jpg>
Package pdftex.def Info: assets/gallery/34/img-01.jpg  used on input line 1647.
(pdftex.def)             Requested size: 217.66446pt x 114.45523pt.

Overfull \hbox (1.19313pt too wide) in paragraph at lines 1647--1647
 [][][][] 
 []

<assets/gallery/34/img-02.jpg, id=314, 841.1425pt x 808.01875pt>
File: assets/gallery/34/img-02.jpg Graphic file (type jpg)
<use assets/gallery/34/img-02.jpg>
Package pdftex.def Info: assets/gallery/34/img-02.jpg  used on input line 1647.
(pdftex.def)             Requested size: 217.66512pt x 209.09357pt.

Overfull \hbox (1.19379pt too wide) in paragraph at lines 1647--1647
 [][][][] 
 []

[39 <./assets/gallery/33/img-01.jpg> <./assets/gallery/33/img-02.jpg>]
Underfull \hbox (badness 10000) in paragraph at lines 1650--1655

 []

[40 <./assets/gallery/34/img-01.jpg> <./assets/gallery/34/img-02.jpg>] [41]
<assets/gallery/35/img-01.jpg, id=328, 562.1pt x 281.05pt>
File: assets/gallery/35/img-01.jpg Graphic file (type jpg)
<use assets/gallery/35/img-01.jpg>
Package pdftex.def Info: assets/gallery/35/img-01.jpg  used on input line 2094.
(pdftex.def)             Requested size: 217.6657pt x 108.83284pt.

Overfull \hbox (1.19437pt too wide) in paragraph at lines 2094--2094
 [][][][] 
 []

<assets/gallery/35/img-04.jpg, id=329, 720.6925pt x 745.78625pt>
File: assets/gallery/35/img-04.jpg Graphic file (type jpg)
<use assets/gallery/35/img-04.jpg>
Package pdftex.def Info: assets/gallery/35/img-04.jpg  used on input line 2094.
(pdftex.def)             Requested size: 206.21326pt x 213.39339pt.
<assets/gallery/35/img-02.jpg, id=331, 1204.5pt x 580.1675pt>
File: assets/gallery/35/img-02.jpg Graphic file (type jpg)
<use assets/gallery/35/img-02.jpg>
Package pdftex.def Info: assets/gallery/35/img-02.jpg  used on input line 2094.
(pdftex.def)             Requested size: 217.66446pt x 104.8417pt.

Overfull \hbox (1.19313pt too wide) in paragraph at lines 2094--2094
 [][][][] 
 []

<assets/gallery/35/img-03.jpg, id=332, 1395.2125pt x 824.07875pt>
File: assets/gallery/35/img-03.jpg Graphic file (type jpg)
<use assets/gallery/35/img-03.jpg>
Package pdftex.def Info: assets/gallery/35/img-03.jpg  used on input line 2094.
(pdftex.def)             Requested size: 217.66078pt x 128.56079pt.

Overfull \hbox (1.18945pt too wide) in paragraph at lines 2094--2094
 [][][][] 
 []

[42]
Underfull \hbox (badness 10000) in paragraph at lines 2097--2102

 []

[43 <./assets/gallery/35/img-01.jpg> <./assets/gallery/35/img-04.jpg> <./assets/gallery/35/img-02.jpg> <./assets/gallery/35/img-03.jpg>] [44]
Underfull \hbox (badness 10000) in paragraph at lines 2224--2225

 []

[45

] (./dscjisu_report_21_26.aux)
 ***********
LaTeX2e <2025-11-01>
L3 programming layer <2026-01-19>
 ***********
 ) 
Here is how much of TeX's memory you used:
 33646 strings out of 469514
 688773 string characters out of 5470072
 1140204 words of memory out of 5000000
 61660 multiletter control sequences out of 15000+600000
 744610 words of font info for 115 fonts, out of 8000000 for 9000
 14 hyphenation exceptions out of 8191
 86i,13n,98p,1729b,1041s stack positions out of 10000i,1000n,20000p,200000b,200000s
</usr/share/texlive/texmf-dist/fonts/type1/public/fontawesome5/FontAwesome5Free-Solid.pfb></usr/share/texlive/texmf-dist/fonts/type1/google/roboto/Roboto-Bold.pfb></usr/share/texlive/texmf-dist/fonts/type1/google/roboto/Roboto-Italic.pfb></usr/share/texlive/texmf-dist/fonts/type1/google/roboto/Roboto-Regular.pfb></usr/share/texlive/texmf-dist/fonts/type1/public/amsfonts/cm/cmsy8.pfb></usr/share/texmf/fonts/type1/public/cm-super/sftt0900.pfb>
Output written on dscjisu_report_21_26.pdf (45 pages, 6466826 bytes).
PDF statistics:
 564 PDF objects out of 1000 (max. 8388607)
 410 compressed objects within 5 object streams
 96 named destinations out of 1000 (max. 500000)
 784 words of extra memory for PDF output out of 10000 (max. 10000000)

